{"/workspaces/FractalIAworker/src/aiService.ts": {"path":"/workspaces/FractalIAworker/src/aiService.ts","statementMap":{"0":{"start":{"line":27,"column":27},"end":{"line":27,"column":null}},"1":{"start":{"line":30,"column":4},"end":{"line":41,"column":null}},"2":{"start":{"line":31,"column":22},"end":{"line":31,"column":null}},"3":{"start":{"line":32,"column":6},"end":{"line":35,"column":null}},"4":{"start":{"line":33,"column":8},"end":{"line":33,"column":null}},"5":{"start":{"line":34,"column":8},"end":{"line":34,"column":null}},"6":{"start":{"line":36,"column":6},"end":{"line":40,"column":null}},"7":{"start":{"line":37,"column":8},"end":{"line":39,"column":null}},"8":{"start":{"line":38,"column":10},"end":{"line":38,"column":null}},"9":{"start":{"line":42,"column":4},"end":{"line":42,"column":null}},"10":{"start":{"line":45,"column":2},"end":{"line":45,"column":null}},"11":{"start":{"line":46,"column":2},"end":{"line":46,"column":null}},"12":{"start":{"line":57,"column":22},"end":{"line":57,"column":null}},"13":{"start":{"line":58,"column":24},"end":{"line":60,"column":null}},"14":{"start":{"line":59,"column":14},"end":{"line":59,"column":45}},"15":{"start":{"line":63,"column":19},"end":{"line":63,"column":null}},"16":{"start":{"line":64,"column":20},"end":{"line":64,"column":null}},"17":{"start":{"line":65,"column":30},"end":{"line":70,"column":null}},"18":{"start":{"line":67,"column":21},"end":{"line":67,"column":null}},"19":{"start":{"line":68,"column":6},"end":{"line":68,"column":null}},"20":{"start":{"line":73,"column":20},"end":{"line":73,"column":null}},"21":{"start":{"line":74,"column":28},"end":{"line":74,"column":null}},"22":{"start":{"line":77,"column":29},"end":{"line":77,"column":null}},"23":{"start":{"line":80,"column":35},"end":{"line":80,"column":null}},"24":{"start":{"line":81,"column":2},"end":{"line":88,"column":null}},"25":{"start":{"line":82,"column":4},"end":{"line":87,"column":null}},"26":{"start":{"line":83,"column":22},"end":{"line":83,"column":null}},"27":{"start":{"line":84,"column":6},"end":{"line":86,"column":null}},"28":{"start":{"line":85,"column":8},"end":{"line":85,"column":null}},"29":{"start":{"line":90,"column":2},"end":{"line":98,"column":null}},"30":{"start":{"line":105,"column":29},"end":{"line":105,"column":null}},"31":{"start":{"line":108,"column":4},"end":{"line":115,"column":null}},"32":{"start":{"line":109,"column":6},"end":{"line":111,"column":null}},"33":{"start":{"line":110,"column":8},"end":{"line":110,"column":null}},"34":{"start":{"line":112,"column":6},"end":{"line":114,"column":null}},"35":{"start":{"line":113,"column":8},"end":{"line":113,"column":null}},"36":{"start":{"line":118,"column":2},"end":{"line":118,"column":null}},"37":{"start":{"line":119,"column":2},"end":{"line":119,"column":null}},"38":{"start":{"line":126,"column":2},"end":{"line":134,"column":null}},"39":{"start":{"line":127,"column":4},"end":{"line":129,"column":null}},"40":{"start":{"line":128,"column":6},"end":{"line":128,"column":null}},"41":{"start":{"line":130,"column":4},"end":{"line":133,"column":null}},"42":{"start":{"line":131,"column":20},"end":{"line":131,"column":null}},"43":{"start":{"line":132,"column":6},"end":{"line":132,"column":null}},"44":{"start":{"line":132,"column":17},"end":{"line":132,"column":null}},"45":{"start":{"line":135,"column":2},"end":{"line":135,"column":null}},"46":{"start":{"line":142,"column":15},"end":{"line":142,"column":null}},"47":{"start":{"line":145,"column":2},"end":{"line":175,"column":null}},"48":{"start":{"line":146,"column":4},"end":{"line":146,"column":null}},"49":{"start":{"line":171,"column":4},"end":{"line":171,"column":null}},"50":{"start":{"line":177,"column":2},"end":{"line":178,"column":null}},"51":{"start":{"line":180,"column":2},"end":{"line":182,"column":null}},"52":{"start":{"line":181,"column":4},"end":{"line":181,"column":null}},"53":{"start":{"line":184,"column":2},"end":{"line":186,"column":null}},"54":{"start":{"line":185,"column":4},"end":{"line":185,"column":null}},"55":{"start":{"line":189,"column":2},"end":{"line":197,"column":null}},"56":{"start":{"line":190,"column":4},"end":{"line":192,"column":null}},"57":{"start":{"line":200,"column":2},"end":{"line":203,"column":null}},"58":{"start":{"line":201,"column":23},"end":{"line":201,"column":null}},"59":{"start":{"line":201,"column":49},"end":{"line":201,"column":58}},"60":{"start":{"line":202,"column":4},"end":{"line":202,"column":null}},"61":{"start":{"line":205,"column":2},"end":{"line":211,"column":null}},"62":{"start":{"line":206,"column":4},"end":{"line":206,"column":null}},"63":{"start":{"line":207,"column":4},"end":{"line":209,"column":null}},"64":{"start":{"line":208,"column":6},"end":{"line":208,"column":null}},"65":{"start":{"line":210,"column":4},"end":{"line":210,"column":null}},"66":{"start":{"line":214,"column":22},"end":{"line":214,"column":null}},"67":{"start":{"line":215,"column":23},"end":{"line":215,"column":null}},"68":{"start":{"line":216,"column":21},"end":{"line":216,"column":null}},"69":{"start":{"line":217,"column":29},"end":{"line":217,"column":null}},"70":{"start":{"line":219,"column":2},"end":{"line":242,"column":null}},"71":{"start":{"line":246,"column":2},"end":{"line":246,"column":null}},"72":{"start":{"line":253,"column":22},"end":{"line":253,"column":null}},"73":{"start":{"line":254,"column":20},"end":{"line":254,"column":null}},"74":{"start":{"line":256,"column":16},"end":{"line":256,"column":null}},"75":{"start":{"line":257,"column":2},"end":{"line":257,"column":null}},"76":{"start":{"line":259,"column":2},"end":{"line":263,"column":null}},"77":{"start":{"line":260,"column":4},"end":{"line":260,"column":null}},"78":{"start":{"line":262,"column":4},"end":{"line":262,"column":null}},"79":{"start":{"line":265,"column":2},"end":{"line":265,"column":null}},"80":{"start":{"line":266,"column":2},"end":{"line":266,"column":null}},"81":{"start":{"line":278,"column":19},"end":{"line":278,"column":null}},"82":{"start":{"line":281,"column":20},"end":{"line":281,"column":null}},"83":{"start":{"line":282,"column":22},"end":{"line":282,"column":null}},"84":{"start":{"line":284,"column":19},"end":{"line":304,"column":null}},"85":{"start":{"line":306,"column":2},"end":{"line":309,"column":null}},"86":{"start":{"line":307,"column":22},"end":{"line":307,"column":null}},"87":{"start":{"line":308,"column":4},"end":{"line":308,"column":null}},"88":{"start":{"line":311,"column":15},"end":{"line":311,"column":null}},"89":{"start":{"line":313,"column":4},"end":{"line":314,"column":null}},"90":{"start":{"line":313,"column":73},"end":{"line":313,"column":85}},"91":{"start":{"line":316,"column":2},"end":{"line":318,"column":null}},"92":{"start":{"line":317,"column":4},"end":{"line":317,"column":null}},"93":{"start":{"line":320,"column":2},"end":{"line":320,"column":null}},"94":{"start":{"line":332,"column":19},"end":{"line":332,"column":null}},"95":{"start":{"line":334,"column":19},"end":{"line":349,"column":null}},"96":{"start":{"line":351,"column":2},"end":{"line":355,"column":null}},"97":{"start":{"line":352,"column":22},"end":{"line":352,"column":null}},"98":{"start":{"line":352,"column":57},"end":{"line":352,"column":60}},"99":{"start":{"line":353,"column":25},"end":{"line":353,"column":null}},"100":{"start":{"line":354,"column":4},"end":{"line":354,"column":null}},"101":{"start":{"line":357,"column":15},"end":{"line":357,"column":null}},"102":{"start":{"line":358,"column":15},"end":{"line":358,"column":null}},"103":{"start":{"line":360,"column":2},"end":{"line":362,"column":null}},"104":{"start":{"line":361,"column":4},"end":{"line":361,"column":null}},"105":{"start":{"line":364,"column":2},"end":{"line":364,"column":null}},"106":{"start":{"line":375,"column":2},"end":{"line":379,"column":null}},"107":{"start":{"line":376,"column":4},"end":{"line":378,"column":null}},"108":{"start":{"line":381,"column":2},"end":{"line":385,"column":null}},"109":{"start":{"line":382,"column":4},"end":{"line":382,"column":null}},"110":{"start":{"line":384,"column":4},"end":{"line":384,"column":null}}},"fnMap":{"0":{"name":"findNodePath","decl":{"start":{"line":26,"column":9},"end":{"line":26,"column":22}},"loc":{"start":{"line":26,"column":71},"end":{"line":47,"column":null}},"line":26},"1":{"name":"traverse","decl":{"start":{"line":29,"column":11},"end":{"line":29,"column":20}},"loc":{"start":{"line":29,"column":76},"end":{"line":43,"column":null}},"line":29},"2":{"name":"buildContextSandwich","decl":{"start":{"line":52,"column":16},"end":{"line":52,"column":null}},"loc":{"start":{"line":55,"column":21},"end":{"line":99,"column":null}},"line":55},"3":{"name":"(anonymous_3)","decl":{"start":{"line":59,"column":9},"end":{"line":59,"column":14}},"loc":{"start":{"line":59,"column":14},"end":{"line":59,"column":45}},"line":59},"4":{"name":"(anonymous_4)","decl":{"start":{"line":66,"column":9},"end":{"line":66,"column":10}},"loc":{"start":{"line":66,"column":26},"end":{"line":69,"column":5}},"line":66},"5":{"name":"filterGlobalNodes","decl":{"start":{"line":104,"column":9},"end":{"line":104,"column":27}},"loc":{"start":{"line":104,"column":58},"end":{"line":120,"column":null}},"line":104},"6":{"name":"traverse","decl":{"start":{"line":107,"column":11},"end":{"line":107,"column":20}},"loc":{"start":{"line":107,"column":42},"end":{"line":116,"column":null}},"line":107},"7":{"name":"findNodeById","decl":{"start":{"line":125,"column":9},"end":{"line":125,"column":22}},"loc":{"start":{"line":125,"column":74},"end":{"line":136,"column":null}},"line":125},"8":{"name":"buildSystemPrompt","decl":{"start":{"line":141,"column":16},"end":{"line":141,"column":34}},"loc":{"start":{"line":141,"column":105},"end":{"line":247,"column":null}},"line":141},"9":{"name":"(anonymous_9)","decl":{"start":{"line":201,"column":44},"end":{"line":201,"column":49}},"loc":{"start":{"line":201,"column":49},"end":{"line":201,"column":58}},"line":201},"10":{"name":"(anonymous_10)","decl":{"start":{"line":207,"column":33},"end":{"line":207,"column":40}},"loc":{"start":{"line":207,"column":40},"end":{"line":209,"column":5}},"line":207},"11":{"name":"buildUserMessage","decl":{"start":{"line":252,"column":16},"end":{"line":252,"column":33}},"loc":{"start":{"line":252,"column":88},"end":{"line":267,"column":null}},"line":252},"12":{"name":"callGeminiAPI","decl":{"start":{"line":272,"column":15},"end":{"line":272,"column":null}},"loc":{"start":{"line":277,"column":19},"end":{"line":321,"column":null}},"line":277},"13":{"name":"(anonymous_13)","decl":{"start":{"line":313,"column":47},"end":{"line":313,"column":48}},"loc":{"start":{"line":313,"column":73},"end":{"line":313,"column":85}},"line":313},"14":{"name":"callOpenAIAPI","decl":{"start":{"line":326,"column":15},"end":{"line":326,"column":null}},"loc":{"start":{"line":331,"column":19},"end":{"line":365,"column":null}},"line":331},"15":{"name":"(anonymous_15)","decl":{"start":{"line":352,"column":50},"end":{"line":352,"column":57}},"loc":{"start":{"line":352,"column":57},"end":{"line":352,"column":60}},"line":352},"16":{"name":"callAIAPI","decl":{"start":{"line":370,"column":22},"end":{"line":370,"column":null}},"loc":{"start":{"line":374,"column":19},"end":{"line":386,"column":null}},"line":374}},"branchMap":{"0":{"loc":{"start":{"line":32,"column":6},"end":{"line":35,"column":null}},"type":"if","locations":[{"start":{"line":32,"column":6},"end":{"line":35,"column":null}},{"start":{},"end":{}}],"line":32},"1":{"loc":{"start":{"line":36,"column":6},"end":{"line":40,"column":null}},"type":"if","locations":[{"start":{"line":36,"column":6},"end":{"line":40,"column":null}},{"start":{},"end":{}}],"line":36},"2":{"loc":{"start":{"line":37,"column":8},"end":{"line":39,"column":null}},"type":"if","locations":[{"start":{"line":37,"column":8},"end":{"line":39,"column":null}},{"start":{},"end":{}}],"line":37},"3":{"loc":{"start":{"line":73,"column":20},"end":{"line":73,"column":null}},"type":"binary-expr","locations":[{"start":{"line":73,"column":20},"end":{"line":73,"column":57}},{"start":{"line":73,"column":57},"end":{"line":73,"column":null}}],"line":73},"4":{"loc":{"start":{"line":74,"column":28},"end":{"line":74,"column":null}},"type":"binary-expr","locations":[{"start":{"line":74,"column":28},"end":{"line":74,"column":73}},{"start":{"line":74,"column":73},"end":{"line":74,"column":null}}],"line":74},"5":{"loc":{"start":{"line":81,"column":2},"end":{"line":88,"column":null}},"type":"if","locations":[{"start":{"line":81,"column":2},"end":{"line":88,"column":null}},{"start":{},"end":{}}],"line":81},"6":{"loc":{"start":{"line":84,"column":6},"end":{"line":86,"column":null}},"type":"if","locations":[{"start":{"line":84,"column":6},"end":{"line":86,"column":null}},{"start":{},"end":{}}],"line":84},"7":{"loc":{"start":{"line":109,"column":6},"end":{"line":111,"column":null}},"type":"if","locations":[{"start":{"line":109,"column":6},"end":{"line":111,"column":null}},{"start":{},"end":{}}],"line":109},"8":{"loc":{"start":{"line":112,"column":6},"end":{"line":114,"column":null}},"type":"if","locations":[{"start":{"line":112,"column":6},"end":{"line":114,"column":null}},{"start":{},"end":{}}],"line":112},"9":{"loc":{"start":{"line":127,"column":4},"end":{"line":129,"column":null}},"type":"if","locations":[{"start":{"line":127,"column":4},"end":{"line":129,"column":null}},{"start":{},"end":{}}],"line":127},"10":{"loc":{"start":{"line":130,"column":4},"end":{"line":133,"column":null}},"type":"if","locations":[{"start":{"line":130,"column":4},"end":{"line":133,"column":null}},{"start":{},"end":{}}],"line":130},"11":{"loc":{"start":{"line":132,"column":6},"end":{"line":132,"column":null}},"type":"if","locations":[{"start":{"line":132,"column":6},"end":{"line":132,"column":null}},{"start":{},"end":{}}],"line":132},"12":{"loc":{"start":{"line":141,"column":62},"end":{"line":141,"column":105}},"type":"default-arg","locations":[{"start":{"line":141,"column":83},"end":{"line":141,"column":105}}],"line":141},"13":{"loc":{"start":{"line":145,"column":2},"end":{"line":175,"column":null}},"type":"if","locations":[{"start":{"line":145,"column":2},"end":{"line":175,"column":null}},{"start":{"line":170,"column":9},"end":{"line":175,"column":null}}],"line":145},"14":{"loc":{"start":{"line":180,"column":2},"end":{"line":182,"column":null}},"type":"if","locations":[{"start":{"line":180,"column":2},"end":{"line":182,"column":null}},{"start":{},"end":{}}],"line":180},"15":{"loc":{"start":{"line":184,"column":2},"end":{"line":186,"column":null}},"type":"if","locations":[{"start":{"line":184,"column":2},"end":{"line":186,"column":null}},{"start":{},"end":{}}],"line":184},"16":{"loc":{"start":{"line":189,"column":2},"end":{"line":197,"column":null}},"type":"if","locations":[{"start":{"line":189,"column":2},"end":{"line":197,"column":null}},{"start":{},"end":{}}],"line":189},"17":{"loc":{"start":{"line":200,"column":2},"end":{"line":203,"column":null}},"type":"if","locations":[{"start":{"line":200,"column":2},"end":{"line":203,"column":null}},{"start":{},"end":{}}],"line":200},"18":{"loc":{"start":{"line":205,"column":2},"end":{"line":211,"column":null}},"type":"if","locations":[{"start":{"line":205,"column":2},"end":{"line":211,"column":null}},{"start":{},"end":{}}],"line":205},"19":{"loc":{"start":{"line":215,"column":23},"end":{"line":215,"column":null}},"type":"binary-expr","locations":[{"start":{"line":215,"column":23},"end":{"line":215,"column":52}},{"start":{"line":215,"column":52},"end":{"line":215,"column":null}}],"line":215},"20":{"loc":{"start":{"line":254,"column":20},"end":{"line":254,"column":null}},"type":"binary-expr","locations":[{"start":{"line":254,"column":20},"end":{"line":254,"column":44}},{"start":{"line":254,"column":44},"end":{"line":254,"column":null}}],"line":254},"21":{"loc":{"start":{"line":259,"column":2},"end":{"line":263,"column":null}},"type":"if","locations":[{"start":{"line":259,"column":2},"end":{"line":263,"column":null}},{"start":{"line":261,"column":9},"end":{"line":263,"column":null}}],"line":259},"22":{"loc":{"start":{"line":282,"column":22},"end":{"line":282,"column":null}},"type":"cond-expr","locations":[{"start":{"line":282,"column":34},"end":{"line":282,"column":40}},{"start":{"line":282,"column":40},"end":{"line":282,"column":null}}],"line":282},"23":{"loc":{"start":{"line":306,"column":2},"end":{"line":309,"column":null}},"type":"if","locations":[{"start":{"line":306,"column":2},"end":{"line":309,"column":null}},{"start":{},"end":{}}],"line":306},"24":{"loc":{"start":{"line":313,"column":4},"end":{"line":314,"column":null}},"type":"binary-expr","locations":[{"start":{"line":313,"column":4},"end":{"line":313,"column":null}},{"start":{"line":314,"column":4},"end":{"line":314,"column":null}}],"line":313},"25":{"loc":{"start":{"line":313,"column":73},"end":{"line":313,"column":85}},"type":"binary-expr","locations":[{"start":{"line":313,"column":73},"end":{"line":313,"column":83}},{"start":{"line":313,"column":83},"end":{"line":313,"column":85}}],"line":313},"26":{"loc":{"start":{"line":316,"column":2},"end":{"line":318,"column":null}},"type":"if","locations":[{"start":{"line":316,"column":2},"end":{"line":318,"column":null}},{"start":{},"end":{}}],"line":316},"27":{"loc":{"start":{"line":351,"column":2},"end":{"line":355,"column":null}},"type":"if","locations":[{"start":{"line":351,"column":2},"end":{"line":355,"column":null}},{"start":{},"end":{}}],"line":351},"28":{"loc":{"start":{"line":353,"column":25},"end":{"line":353,"column":null}},"type":"binary-expr","locations":[{"start":{"line":353,"column":25},"end":{"line":353,"column":54}},{"start":{"line":353,"column":54},"end":{"line":353,"column":null}}],"line":353},"29":{"loc":{"start":{"line":358,"column":15},"end":{"line":358,"column":null}},"type":"binary-expr","locations":[{"start":{"line":358,"column":15},"end":{"line":358,"column":55}},{"start":{"line":358,"column":55},"end":{"line":358,"column":null}}],"line":358},"30":{"loc":{"start":{"line":360,"column":2},"end":{"line":362,"column":null}},"type":"if","locations":[{"start":{"line":360,"column":2},"end":{"line":362,"column":null}},{"start":{},"end":{}}],"line":360},"31":{"loc":{"start":{"line":375,"column":2},"end":{"line":379,"column":null}},"type":"if","locations":[{"start":{"line":375,"column":2},"end":{"line":379,"column":null}},{"start":{},"end":{}}],"line":375},"32":{"loc":{"start":{"line":381,"column":2},"end":{"line":385,"column":null}},"type":"if","locations":[{"start":{"line":381,"column":2},"end":{"line":385,"column":null}},{"start":{"line":383,"column":9},"end":{"line":385,"column":null}}],"line":381}},"s":{"0":25,"1":31,"2":37,"3":37,"4":25,"5":25,"6":12,"7":6,"8":3,"9":3,"10":25,"11":25,"12":25,"13":25,"14":3,"15":25,"16":25,"17":25,"18":3,"19":3,"20":25,"21":25,"22":25,"23":25,"24":25,"25":4,"26":4,"27":4,"28":3,"29":25,"30":25,"31":31,"32":37,"33":3,"34":37,"35":6,"36":25,"37":25,"38":6,"39":6,"40":3,"41":3,"42":2,"43":2,"44":2,"45":1,"46":14,"47":14,"48":1,"49":13,"50":14,"51":14,"52":1,"53":14,"54":1,"55":14,"56":2,"57":14,"58":2,"59":4,"60":2,"61":14,"62":1,"63":1,"64":1,"65":1,"66":14,"67":14,"68":14,"69":14,"70":14,"71":14,"72":9,"73":9,"74":9,"75":9,"76":9,"77":8,"78":1,"79":9,"80":9,"81":19,"82":19,"83":19,"84":19,"85":17,"86":1,"87":1,"88":16,"89":16,"90":15,"91":19,"92":1,"93":15,"94":4,"95":4,"96":4,"97":2,"98":1,"99":2,"100":2,"101":2,"102":2,"103":4,"104":1,"105":1,"106":24,"107":1,"108":23,"109":19,"110":4},"f":{"0":25,"1":31,"2":25,"3":3,"4":3,"5":25,"6":31,"7":6,"8":14,"9":4,"10":1,"11":9,"12":19,"13":15,"14":4,"15":1,"16":24},"b":{"0":[25,12],"1":[6,6],"2":[3,3],"3":[25,23],"4":[25,23],"5":[4,21],"6":[3,1],"7":[3,34],"8":[6,31],"9":[3,3],"10":[2,1],"11":[2,0],"12":[14],"13":[1,13],"14":[1,13],"15":[1,13],"16":[2,12],"17":[2,12],"18":[1,13],"19":[14,0],"20":[9,0],"21":[8,1],"22":[1,18],"23":[1,16],"24":[16,1],"25":[15,0],"26":[1,18],"27":[2,2],"28":[2,1],"29":[2,1],"30":[1,3],"31":[1,23],"32":[19,4]},"meta":{"lastBranch":33,"lastFunction":17,"lastStatement":111,"seen":{"f:26:9:26:22":0,"s:27:27:27:Infinity":0,"f:29:11:29:20":1,"s:30:4:41:Infinity":1,"s:31:22:31:Infinity":2,"b:32:6:35:Infinity:undefined:undefined:undefined:undefined":0,"s:32:6:35:Infinity":3,"s:33:8:33:Infinity":4,"s:34:8:34:Infinity":5,"b:36:6:40:Infinity:undefined:undefined:undefined:undefined":1,"s:36:6:40:Infinity":6,"b:37:8:39:Infinity:undefined:undefined:undefined:undefined":2,"s:37:8:39:Infinity":7,"s:38:10:38:Infinity":8,"s:42:4:42:Infinity":9,"s:45:2:45:Infinity":10,"s:46:2:46:Infinity":11,"f:52:16:52:Infinity":2,"s:57:22:57:Infinity":12,"s:58:24:60:Infinity":13,"f:59:9:59:14":3,"s:59:14:59:45":14,"s:63:19:63:Infinity":15,"s:64:20:64:Infinity":16,"s:65:30:70:Infinity":17,"f:66:9:66:10":4,"s:67:21:67:Infinity":18,"s:68:6:68:Infinity":19,"s:73:20:73:Infinity":20,"b:73:20:73:57:73:57:73:Infinity":3,"s:74:28:74:Infinity":21,"b:74:28:74:73:74:73:74:Infinity":4,"s:77:29:77:Infinity":22,"s:80:35:80:Infinity":23,"b:81:2:88:Infinity:undefined:undefined:undefined:undefined":5,"s:81:2:88:Infinity":24,"s:82:4:87:Infinity":25,"s:83:22:83:Infinity":26,"b:84:6:86:Infinity:undefined:undefined:undefined:undefined":6,"s:84:6:86:Infinity":27,"s:85:8:85:Infinity":28,"s:90:2:98:Infinity":29,"f:104:9:104:27":5,"s:105:29:105:Infinity":30,"f:107:11:107:20":6,"s:108:4:115:Infinity":31,"b:109:6:111:Infinity:undefined:undefined:undefined:undefined":7,"s:109:6:111:Infinity":32,"s:110:8:110:Infinity":33,"b:112:6:114:Infinity:undefined:undefined:undefined:undefined":8,"s:112:6:114:Infinity":34,"s:113:8:113:Infinity":35,"s:118:2:118:Infinity":36,"s:119:2:119:Infinity":37,"f:125:9:125:22":7,"s:126:2:134:Infinity":38,"b:127:4:129:Infinity:undefined:undefined:undefined:undefined":9,"s:127:4:129:Infinity":39,"s:128:6:128:Infinity":40,"b:130:4:133:Infinity:undefined:undefined:undefined:undefined":10,"s:130:4:133:Infinity":41,"s:131:20:131:Infinity":42,"b:132:6:132:Infinity:undefined:undefined:undefined:undefined":11,"s:132:6:132:Infinity":43,"s:132:17:132:Infinity":44,"s:135:2:135:Infinity":45,"f:141:16:141:34":8,"b:141:83:141:105":12,"s:142:15:142:Infinity":46,"b:145:2:175:Infinity:170:9:175:Infinity":13,"s:145:2:175:Infinity":47,"s:146:4:146:Infinity":48,"s:171:4:171:Infinity":49,"s:177:2:178:Infinity":50,"b:180:2:182:Infinity:undefined:undefined:undefined:undefined":14,"s:180:2:182:Infinity":51,"s:181:4:181:Infinity":52,"b:184:2:186:Infinity:undefined:undefined:undefined:undefined":15,"s:184:2:186:Infinity":53,"s:185:4:185:Infinity":54,"b:189:2:197:Infinity:undefined:undefined:undefined:undefined":16,"s:189:2:197:Infinity":55,"s:190:4:192:Infinity":56,"b:200:2:203:Infinity:undefined:undefined:undefined:undefined":17,"s:200:2:203:Infinity":57,"s:201:23:201:Infinity":58,"f:201:44:201:49":9,"s:201:49:201:58":59,"s:202:4:202:Infinity":60,"b:205:2:211:Infinity:undefined:undefined:undefined:undefined":18,"s:205:2:211:Infinity":61,"s:206:4:206:Infinity":62,"s:207:4:209:Infinity":63,"f:207:33:207:40":10,"s:208:6:208:Infinity":64,"s:210:4:210:Infinity":65,"s:214:22:214:Infinity":66,"s:215:23:215:Infinity":67,"b:215:23:215:52:215:52:215:Infinity":19,"s:216:21:216:Infinity":68,"s:217:29:217:Infinity":69,"s:219:2:242:Infinity":70,"s:246:2:246:Infinity":71,"f:252:16:252:33":11,"s:253:22:253:Infinity":72,"s:254:20:254:Infinity":73,"b:254:20:254:44:254:44:254:Infinity":20,"s:256:16:256:Infinity":74,"s:257:2:257:Infinity":75,"b:259:2:263:Infinity:261:9:263:Infinity":21,"s:259:2:263:Infinity":76,"s:260:4:260:Infinity":77,"s:262:4:262:Infinity":78,"s:265:2:265:Infinity":79,"s:266:2:266:Infinity":80,"f:272:15:272:Infinity":12,"s:278:19:278:Infinity":81,"s:281:20:281:Infinity":82,"s:282:22:282:Infinity":83,"b:282:34:282:40:282:40:282:Infinity":22,"s:284:19:304:Infinity":84,"b:306:2:309:Infinity:undefined:undefined:undefined:undefined":23,"s:306:2:309:Infinity":85,"s:307:22:307:Infinity":86,"s:308:4:308:Infinity":87,"s:311:15:311:Infinity":88,"s:313:4:314:Infinity":89,"b:313:4:313:Infinity:314:4:314:Infinity":24,"f:313:47:313:48":13,"s:313:73:313:85":90,"b:313:73:313:83:313:83:313:85":25,"b:316:2:318:Infinity:undefined:undefined:undefined:undefined":26,"s:316:2:318:Infinity":91,"s:317:4:317:Infinity":92,"s:320:2:320:Infinity":93,"f:326:15:326:Infinity":14,"s:332:19:332:Infinity":94,"s:334:19:349:Infinity":95,"b:351:2:355:Infinity:undefined:undefined:undefined:undefined":27,"s:351:2:355:Infinity":96,"s:352:22:352:Infinity":97,"f:352:50:352:57":15,"s:352:57:352:60":98,"s:353:25:353:Infinity":99,"b:353:25:353:54:353:54:353:Infinity":28,"s:354:4:354:Infinity":100,"s:357:15:357:Infinity":101,"s:358:15:358:Infinity":102,"b:358:15:358:55:358:55:358:Infinity":29,"b:360:2:362:Infinity:undefined:undefined:undefined:undefined":30,"s:360:2:362:Infinity":103,"s:361:4:361:Infinity":104,"s:364:2:364:Infinity":105,"f:370:22:370:Infinity":16,"b:375:2:379:Infinity:undefined:undefined:undefined:undefined":31,"s:375:2:379:Infinity":106,"s:376:4:378:Infinity":107,"b:381:2:385:Infinity:383:9:385:Infinity":32,"s:381:2:385:Infinity":108,"s:382:4:382:Infinity":109,"s:384:4:384:Infinity":110}}}
,"/workspaces/FractalIAworker/src/markdownEngine.ts": {"path":"/workspaces/FractalIAworker/src/markdownEngine.ts","statementMap":{"0":{"start":{"line":11,"column":2},"end":{"line":11,"column":null}},"1":{"start":{"line":15,"column":27},"end":{"line":15,"column":null}},"2":{"start":{"line":19,"column":2},"end":{"line":29,"column":null}},"3":{"start":{"line":20,"column":18},"end":{"line":20,"column":null}},"4":{"start":{"line":21,"column":4},"end":{"line":21,"column":null}},"5":{"start":{"line":21,"column":16},"end":{"line":21,"column":null}},"6":{"start":{"line":22,"column":17},"end":{"line":22,"column":null}},"7":{"start":{"line":23,"column":17},"end":{"line":23,"column":null}},"8":{"start":{"line":25,"column":4},"end":{"line":25,"column":null}},"9":{"start":{"line":27,"column":4},"end":{"line":27,"column":null}},"10":{"start":{"line":28,"column":4},"end":{"line":28,"column":null}},"11":{"start":{"line":34,"column":2},"end":{"line":34,"column":null}},"12":{"start":{"line":38,"column":6},"end":{"line":40,"column":null}},"13":{"start":{"line":44,"column":14},"end":{"line":44,"column":null}},"14":{"start":{"line":45,"column":16},"end":{"line":45,"column":null}},"15":{"start":{"line":48,"column":27},"end":{"line":48,"column":null}},"16":{"start":{"line":49,"column":57},"end":{"line":49,"column":null}},"17":{"start":{"line":52,"column":18},"end":{"line":52,"column":null}},"18":{"start":{"line":54,"column":2},"end":{"line":125,"column":null}},"19":{"start":{"line":54,"column":15},"end":{"line":54,"column":18}},"20":{"start":{"line":55,"column":18},"end":{"line":55,"column":null}},"21":{"start":{"line":57,"column":4},"end":{"line":124,"column":null}},"22":{"start":{"line":58,"column":22},"end":{"line":58,"column":null}},"23":{"start":{"line":59,"column":12},"end":{"line":59,"column":null}},"24":{"start":{"line":60,"column":20},"end":{"line":60,"column":null}},"25":{"start":{"line":63,"column":20},"end":{"line":63,"column":null}},"26":{"start":{"line":64,"column":24},"end":{"line":64,"column":null}},"27":{"start":{"line":65,"column":14},"end":{"line":65,"column":null}},"28":{"start":{"line":68,"column":6},"end":{"line":83,"column":null}},"29":{"start":{"line":69,"column":26},"end":{"line":69,"column":null}},"30":{"start":{"line":70,"column":8},"end":{"line":81,"column":null}},"31":{"start":{"line":71,"column":27},"end":{"line":71,"column":null}},"32":{"start":{"line":72,"column":10},"end":{"line":74,"column":null}},"33":{"start":{"line":73,"column":12},"end":{"line":73,"column":null}},"34":{"start":{"line":75,"column":8},"end":{"line":81,"column":null}},"35":{"start":{"line":76,"column":23},"end":{"line":76,"column":null}},"36":{"start":{"line":77,"column":10},"end":{"line":77,"column":null}},"37":{"start":{"line":78,"column":8},"end":{"line":81,"column":null}},"38":{"start":{"line":80,"column":10},"end":{"line":80,"column":null}},"39":{"start":{"line":82,"column":8},"end":{"line":82,"column":null}},"40":{"start":{"line":85,"column":6},"end":{"line":85,"column":null}},"41":{"start":{"line":89,"column":6},"end":{"line":100,"column":null}},"42":{"start":{"line":90,"column":23},"end":{"line":90,"column":null}},"43":{"start":{"line":91,"column":8},"end":{"line":94,"column":null}},"44":{"start":{"line":96,"column":8},"end":{"line":99,"column":null}},"45":{"start":{"line":102,"column":29},"end":{"line":109,"column":null}},"46":{"start":{"line":112,"column":6},"end":{"line":114,"column":null}},"47":{"start":{"line":113,"column":8},"end":{"line":113,"column":null}},"48":{"start":{"line":116,"column":6},"end":{"line":120,"column":null}},"49":{"start":{"line":117,"column":8},"end":{"line":117,"column":null}},"50":{"start":{"line":119,"column":8},"end":{"line":119,"column":null}},"51":{"start":{"line":122,"column":6},"end":{"line":122,"column":null}},"52":{"start":{"line":123,"column":6},"end":{"line":123,"column":null}},"53":{"start":{"line":127,"column":2},"end":{"line":127,"column":null}},"54":{"start":{"line":132,"column":26},"end":{"line":132,"column":null}},"55":{"start":{"line":135,"column":4},"end":{"line":154,"column":null}},"56":{"start":{"line":136,"column":22},"end":{"line":136,"column":null}},"57":{"start":{"line":137,"column":6},"end":{"line":137,"column":null}},"58":{"start":{"line":138,"column":6},"end":{"line":138,"column":null}},"59":{"start":{"line":140,"column":6},"end":{"line":143,"column":null}},"60":{"start":{"line":141,"column":8},"end":{"line":141,"column":null}},"61":{"start":{"line":142,"column":8},"end":{"line":142,"column":null}},"62":{"start":{"line":146,"column":26},"end":{"line":146,"column":null}},"63":{"start":{"line":147,"column":6},"end":{"line":147,"column":null}},"64":{"start":{"line":148,"column":6},"end":{"line":148,"column":null}},"65":{"start":{"line":151,"column":6},"end":{"line":153,"column":null}},"66":{"start":{"line":152,"column":8},"end":{"line":152,"column":null}},"67":{"start":{"line":157,"column":2},"end":{"line":157,"column":null}},"68":{"start":{"line":158,"column":2},"end":{"line":158,"column":null}},"69":{"start":{"line":168,"column":4},"end":{"line":176,"column":null}},"70":{"start":{"line":169,"column":6},"end":{"line":171,"column":null}},"71":{"start":{"line":170,"column":8},"end":{"line":170,"column":null}},"72":{"start":{"line":172,"column":6},"end":{"line":174,"column":null}},"73":{"start":{"line":173,"column":8},"end":{"line":173,"column":null}},"74":{"start":{"line":175,"column":6},"end":{"line":175,"column":null}},"75":{"start":{"line":179,"column":2},"end":{"line":179,"column":null}},"76":{"start":{"line":185,"column":4},"end":{"line":191,"column":null}},"77":{"start":{"line":186,"column":6},"end":{"line":188,"column":null}},"78":{"start":{"line":187,"column":8},"end":{"line":187,"column":null}},"79":{"start":{"line":189,"column":20},"end":{"line":189,"column":null}},"80":{"start":{"line":190,"column":6},"end":{"line":190,"column":null}},"81":{"start":{"line":190,"column":17},"end":{"line":190,"column":null}},"82":{"start":{"line":192,"column":4},"end":{"line":192,"column":null}},"83":{"start":{"line":195,"column":2},"end":{"line":195,"column":null}},"84":{"start":{"line":200,"column":29},"end":{"line":200,"column":null}},"85":{"start":{"line":203,"column":4},"end":{"line":208,"column":null}},"86":{"start":{"line":204,"column":6},"end":{"line":204,"column":null}},"87":{"start":{"line":205,"column":6},"end":{"line":207,"column":null}},"88":{"start":{"line":206,"column":8},"end":{"line":206,"column":null}},"89":{"start":{"line":211,"column":2},"end":{"line":211,"column":null}},"90":{"start":{"line":212,"column":2},"end":{"line":212,"column":null}}},"fnMap":{"0":{"name":"generateId","decl":{"start":{"line":10,"column":9},"end":{"line":10,"column":30}},"loc":{"start":{"line":10,"column":30},"end":{"line":12,"column":null}},"line":10},"1":{"name":"parseMetaFromComment","decl":{"start":{"line":18,"column":9},"end":{"line":18,"column":30}},"loc":{"start":{"line":18,"column":64},"end":{"line":30,"column":null}},"line":18},"2":{"name":"serializeMetaToComment","decl":{"start":{"line":33,"column":9},"end":{"line":33,"column":32}},"loc":{"start":{"line":33,"column":56},"end":{"line":35,"column":null}},"line":33},"3":{"name":"parseMarkdownToTree","decl":{"start":{"line":43,"column":16},"end":{"line":43,"column":36}},"loc":{"start":{"line":43,"column":66},"end":{"line":128,"column":null}},"line":43},"4":{"name":"treeToMarkdown","decl":{"start":{"line":131,"column":16},"end":{"line":131,"column":31}},"loc":{"start":{"line":131,"column":57},"end":{"line":159,"column":null}},"line":131},"5":{"name":"traverseTree","decl":{"start":{"line":134,"column":11},"end":{"line":134,"column":24}},"loc":{"start":{"line":134,"column":66},"end":{"line":155,"column":null}},"line":134},"6":{"name":"updateNodeInTree","decl":{"start":{"line":162,"column":16},"end":{"line":162,"column":null}},"loc":{"start":{"line":166,"column":14},"end":{"line":180,"column":null}},"line":166},"7":{"name":"traverse","decl":{"start":{"line":167,"column":11},"end":{"line":167,"column":20}},"loc":{"start":{"line":167,"column":51},"end":{"line":177,"column":null}},"line":167},"8":{"name":"(anonymous_8)","decl":{"start":{"line":168,"column":21},"end":{"line":168,"column":29}},"loc":{"start":{"line":168,"column":29},"end":{"line":176,"column":5}},"line":168},"9":{"name":"findNodeById","decl":{"start":{"line":183,"column":16},"end":{"line":183,"column":29}},"loc":{"start":{"line":183,"column":80},"end":{"line":196,"column":null}},"line":183},"10":{"name":"traverse","decl":{"start":{"line":184,"column":11},"end":{"line":184,"column":20}},"loc":{"start":{"line":184,"column":56},"end":{"line":193,"column":null}},"line":184},"11":{"name":"flattenTree","decl":{"start":{"line":199,"column":16},"end":{"line":199,"column":28}},"loc":{"start":{"line":199,"column":58},"end":{"line":213,"column":null}},"line":199},"12":{"name":"traverse","decl":{"start":{"line":202,"column":11},"end":{"line":202,"column":20}},"loc":{"start":{"line":202,"column":39},"end":{"line":209,"column":null}},"line":202}},"branchMap":{"0":{"loc":{"start":{"line":21,"column":4},"end":{"line":21,"column":null}},"type":"if","locations":[{"start":{"line":21,"column":4},"end":{"line":21,"column":null}},{"start":{},"end":{}}],"line":21},"1":{"loc":{"start":{"line":23,"column":17},"end":{"line":23,"column":null}},"type":"binary-expr","locations":[{"start":{"line":23,"column":17},"end":{"line":23,"column":31}},{"start":{"line":23,"column":31},"end":{"line":23,"column":null}}],"line":23},"2":{"loc":{"start":{"line":57,"column":4},"end":{"line":124,"column":null}},"type":"if","locations":[{"start":{"line":57,"column":4},"end":{"line":124,"column":null}},{"start":{},"end":{}}],"line":57},"3":{"loc":{"start":{"line":68,"column":13},"end":{"line":68,"column":76}},"type":"binary-expr","locations":[{"start":{"line":68,"column":13},"end":{"line":68,"column":40}},{"start":{"line":68,"column":40},"end":{"line":68,"column":76}}],"line":68},"4":{"loc":{"start":{"line":70,"column":8},"end":{"line":81,"column":null}},"type":"if","locations":[{"start":{"line":70,"column":8},"end":{"line":81,"column":null}},{"start":{"line":75,"column":8},"end":{"line":81,"column":null}}],"line":70},"5":{"loc":{"start":{"line":72,"column":10},"end":{"line":74,"column":null}},"type":"if","locations":[{"start":{"line":72,"column":10},"end":{"line":74,"column":null}},{"start":{},"end":{}}],"line":72},"6":{"loc":{"start":{"line":75,"column":8},"end":{"line":81,"column":null}},"type":"if","locations":[{"start":{"line":75,"column":8},"end":{"line":81,"column":null}},{"start":{"line":78,"column":8},"end":{"line":81,"column":null}}],"line":75},"7":{"loc":{"start":{"line":78,"column":8},"end":{"line":81,"column":null}},"type":"if","locations":[{"start":{"line":78,"column":8},"end":{"line":81,"column":null}},{"start":{},"end":{}}],"line":78},"8":{"loc":{"start":{"line":78,"column":19},"end":{"line":78,"column":110}},"type":"binary-expr","locations":[{"start":{"line":78,"column":19},"end":{"line":78,"column":48}},{"start":{"line":78,"column":48},"end":{"line":78,"column":77}},{"start":{"line":78,"column":77},"end":{"line":78,"column":110}}],"line":78},"9":{"loc":{"start":{"line":89,"column":6},"end":{"line":100,"column":null}},"type":"if","locations":[{"start":{"line":89,"column":6},"end":{"line":100,"column":null}},{"start":{"line":95,"column":13},"end":{"line":100,"column":null}}],"line":89},"10":{"loc":{"start":{"line":91,"column":15},"end":{"line":94,"column":null}},"type":"binary-expr","locations":[{"start":{"line":91,"column":15},"end":{"line":91,"column":25}},{"start":{"line":91,"column":25},"end":{"line":94,"column":null}}],"line":91},"11":{"loc":{"start":{"line":93,"column":16},"end":{"line":93,"column":null}},"type":"cond-expr","locations":[{"start":{"line":93,"column":30},"end":{"line":93,"column":47}},{"start":{"line":93,"column":47},"end":{"line":93,"column":null}}],"line":93},"12":{"loc":{"start":{"line":98,"column":16},"end":{"line":98,"column":null}},"type":"cond-expr","locations":[{"start":{"line":98,"column":30},"end":{"line":98,"column":47}},{"start":{"line":98,"column":47},"end":{"line":98,"column":null}}],"line":98},"13":{"loc":{"start":{"line":112,"column":13},"end":{"line":112,"column":85}},"type":"binary-expr","locations":[{"start":{"line":112,"column":13},"end":{"line":112,"column":37}},{"start":{"line":112,"column":37},"end":{"line":112,"column":85}}],"line":112},"14":{"loc":{"start":{"line":116,"column":6},"end":{"line":120,"column":null}},"type":"if","locations":[{"start":{"line":116,"column":6},"end":{"line":120,"column":null}},{"start":{"line":118,"column":13},"end":{"line":120,"column":null}}],"line":116},"15":{"loc":{"start":{"line":134,"column":43},"end":{"line":134,"column":66}},"type":"default-arg","locations":[{"start":{"line":134,"column":63},"end":{"line":134,"column":66}}],"line":134},"16":{"loc":{"start":{"line":140,"column":6},"end":{"line":143,"column":null}},"type":"if","locations":[{"start":{"line":140,"column":6},"end":{"line":143,"column":null}},{"start":{},"end":{}}],"line":140},"17":{"loc":{"start":{"line":151,"column":6},"end":{"line":153,"column":null}},"type":"if","locations":[{"start":{"line":151,"column":6},"end":{"line":153,"column":null}},{"start":{},"end":{}}],"line":151},"18":{"loc":{"start":{"line":169,"column":6},"end":{"line":171,"column":null}},"type":"if","locations":[{"start":{"line":169,"column":6},"end":{"line":171,"column":null}},{"start":{},"end":{}}],"line":169},"19":{"loc":{"start":{"line":172,"column":6},"end":{"line":174,"column":null}},"type":"if","locations":[{"start":{"line":172,"column":6},"end":{"line":174,"column":null}},{"start":{},"end":{}}],"line":172},"20":{"loc":{"start":{"line":186,"column":6},"end":{"line":188,"column":null}},"type":"if","locations":[{"start":{"line":186,"column":6},"end":{"line":188,"column":null}},{"start":{},"end":{}}],"line":186},"21":{"loc":{"start":{"line":190,"column":6},"end":{"line":190,"column":null}},"type":"if","locations":[{"start":{"line":190,"column":6},"end":{"line":190,"column":null}},{"start":{},"end":{}}],"line":190},"22":{"loc":{"start":{"line":205,"column":6},"end":{"line":207,"column":null}},"type":"if","locations":[{"start":{"line":205,"column":6},"end":{"line":207,"column":null}},{"start":{},"end":{}}],"line":205}},"s":{"0":172,"1":9,"2":465,"3":465,"4":465,"5":2,"6":463,"7":463,"8":465,"9":1,"10":1,"11":24,"12":9,"13":161,"14":161,"15":161,"16":161,"17":161,"18":161,"19":161,"20":634,"21":634,"22":634,"23":634,"24":634,"25":634,"26":634,"27":634,"28":634,"29":1928,"30":1928,"31":465,"32":465,"33":465,"34":1463,"35":825,"36":825,"37":638,"38":636,"39":1928,"40":634,"41":634,"42":465,"43":465,"44":169,"45":634,"46":634,"47":378,"48":634,"49":162,"50":472,"51":634,"52":634,"53":161,"54":7,"55":17,"56":24,"57":24,"58":24,"59":24,"60":21,"61":21,"62":24,"63":24,"64":24,"65":24,"66":10,"67":7,"68":7,"69":57,"70":65,"71":45,"72":20,"73":11,"74":9,"75":46,"76":343,"77":341,"78":317,"79":24,"80":24,"81":16,"82":10,"83":319,"84":128,"85":401,"86":640,"87":640,"88":273,"89":128,"90":128},"f":{"0":172,"1":465,"2":24,"3":161,"4":7,"5":17,"6":46,"7":57,"8":65,"9":319,"10":343,"11":128,"12":401},"b":{"0":[2,463],"1":[463,0],"2":[634,0],"3":[634,2403],"4":[465,1463],"5":[465,0],"6":[825,638],"7":[636,2],"8":[638,6,4],"9":[465,169],"10":[465,3],"11":[3,0],"12":[122,47],"13":[634,850],"14":[162,472],"15":[17],"16":[21,3],"17":[10,14],"18":[45,20],"19":[11,9],"20":[317,24],"21":[16,8],"22":[273,367]},"meta":{"lastBranch":23,"lastFunction":13,"lastStatement":91,"seen":{"f:10:9:10:30":0,"s:11:2:11:Infinity":0,"s:15:27:15:Infinity":1,"f:18:9:18:30":1,"s:19:2:29:Infinity":2,"s:20:18:20:Infinity":3,"b:21:4:21:Infinity:undefined:undefined:undefined:undefined":0,"s:21:4:21:Infinity":4,"s:21:16:21:Infinity":5,"s:22:17:22:Infinity":6,"s:23:17:23:Infinity":7,"b:23:17:23:31:23:31:23:Infinity":1,"s:25:4:25:Infinity":8,"s:27:4:27:Infinity":9,"s:28:4:28:Infinity":10,"f:33:9:33:32":2,"s:34:2:34:Infinity":11,"s:38:6:40:Infinity":12,"f:43:16:43:36":3,"s:44:14:44:Infinity":13,"s:45:16:45:Infinity":14,"s:48:27:48:Infinity":15,"s:49:57:49:Infinity":16,"s:52:18:52:Infinity":17,"s:54:2:125:Infinity":18,"s:54:15:54:18":19,"s:55:18:55:Infinity":20,"b:57:4:124:Infinity:undefined:undefined:undefined:undefined":2,"s:57:4:124:Infinity":21,"s:58:22:58:Infinity":22,"s:59:12:59:Infinity":23,"s:60:20:60:Infinity":24,"s:63:20:63:Infinity":25,"s:64:24:64:Infinity":26,"s:65:14:65:Infinity":27,"s:68:6:83:Infinity":28,"b:68:13:68:40:68:40:68:76":3,"s:69:26:69:Infinity":29,"b:70:8:81:Infinity:75:8:81:Infinity":4,"s:70:8:81:Infinity":30,"s:71:27:71:Infinity":31,"b:72:10:74:Infinity:undefined:undefined:undefined:undefined":5,"s:72:10:74:Infinity":32,"s:73:12:73:Infinity":33,"b:75:8:81:Infinity:78:8:81:Infinity":6,"s:75:8:81:Infinity":34,"s:76:23:76:Infinity":35,"s:77:10:77:Infinity":36,"b:78:8:81:Infinity:undefined:undefined:undefined:undefined":7,"s:78:8:81:Infinity":37,"b:78:19:78:48:78:48:78:77:78:77:78:110":8,"s:80:10:80:Infinity":38,"s:82:8:82:Infinity":39,"s:85:6:85:Infinity":40,"b:89:6:100:Infinity:95:13:100:Infinity":9,"s:89:6:100:Infinity":41,"s:90:23:90:Infinity":42,"s:91:8:94:Infinity":43,"b:91:15:91:25:91:25:94:Infinity":10,"b:93:30:93:47:93:47:93:Infinity":11,"s:96:8:99:Infinity":44,"b:98:30:98:47:98:47:98:Infinity":12,"s:102:29:109:Infinity":45,"s:112:6:114:Infinity":46,"b:112:13:112:37:112:37:112:85":13,"s:113:8:113:Infinity":47,"b:116:6:120:Infinity:118:13:120:Infinity":14,"s:116:6:120:Infinity":48,"s:117:8:117:Infinity":49,"s:119:8:119:Infinity":50,"s:122:6:122:Infinity":51,"s:123:6:123:Infinity":52,"s:127:2:127:Infinity":53,"f:131:16:131:31":4,"s:132:26:132:Infinity":54,"f:134:11:134:24":5,"b:134:63:134:66":15,"s:135:4:154:Infinity":55,"s:136:22:136:Infinity":56,"s:137:6:137:Infinity":57,"s:138:6:138:Infinity":58,"b:140:6:143:Infinity:undefined:undefined:undefined:undefined":16,"s:140:6:143:Infinity":59,"s:141:8:141:Infinity":60,"s:142:8:142:Infinity":61,"s:146:26:146:Infinity":62,"s:147:6:147:Infinity":63,"s:148:6:148:Infinity":64,"b:151:6:153:Infinity:undefined:undefined:undefined:undefined":17,"s:151:6:153:Infinity":65,"s:152:8:152:Infinity":66,"s:157:2:157:Infinity":67,"s:158:2:158:Infinity":68,"f:162:16:162:Infinity":6,"f:167:11:167:20":7,"s:168:4:176:Infinity":69,"f:168:21:168:29":8,"b:169:6:171:Infinity:undefined:undefined:undefined:undefined":18,"s:169:6:171:Infinity":70,"s:170:8:170:Infinity":71,"b:172:6:174:Infinity:undefined:undefined:undefined:undefined":19,"s:172:6:174:Infinity":72,"s:173:8:173:Infinity":73,"s:175:6:175:Infinity":74,"s:179:2:179:Infinity":75,"f:183:16:183:29":9,"f:184:11:184:20":10,"s:185:4:191:Infinity":76,"b:186:6:188:Infinity:undefined:undefined:undefined:undefined":20,"s:186:6:188:Infinity":77,"s:187:8:187:Infinity":78,"s:189:20:189:Infinity":79,"b:190:6:190:Infinity:undefined:undefined:undefined:undefined":21,"s:190:6:190:Infinity":80,"s:190:17:190:Infinity":81,"s:192:4:192:Infinity":82,"s:195:2:195:Infinity":83,"f:199:16:199:28":11,"s:200:29:200:Infinity":84,"f:202:11:202:20":12,"s:203:4:208:Infinity":85,"s:204:6:204:Infinity":86,"b:205:6:207:Infinity:undefined:undefined:undefined:undefined":22,"s:205:6:207:Infinity":87,"s:206:8:206:Infinity":88,"s:211:2:211:Infinity":89,"s:212:2:212:Infinity":90}}}
,"/workspaces/FractalIAworker/src/mockData.ts": {"path":"/workspaces/FractalIAworker/src/mockData.ts","statementMap":{"0":{"start":{"line":7,"column":32},"end":{"line":7,"column":null}}},"fnMap":{},"branchMap":{},"s":{"0":2},"f":{},"b":{},"meta":{"lastBranch":0,"lastFunction":0,"lastStatement":1,"seen":{"s:7:32:7:Infinity":0}}}
,"/workspaces/FractalIAworker/src/store.ts": {"path":"/workspaces/FractalIAworker/src/store.ts","statementMap":{"0":{"start":{"line":65,"column":2},"end":{"line":65,"column":null}},"1":{"start":{"line":69,"column":34},"end":{"line":74,"column":null}},"2":{"start":{"line":76,"column":50},"end":{"line":79,"column":null}},"3":{"start":{"line":81,"column":26},"end":{"line":84,"column":null}},"4":{"start":{"line":87,"column":2},"end":{"line":99,"column":null}},"5":{"start":{"line":88,"column":23},"end":{"line":88,"column":null}},"6":{"start":{"line":89,"column":24},"end":{"line":89,"column":null}},"7":{"start":{"line":90,"column":28},"end":{"line":90,"column":null}},"8":{"start":{"line":91,"column":4},"end":{"line":93,"column":null}},"9":{"start":{"line":92,"column":6},"end":{"line":92,"column":null}},"10":{"start":{"line":94,"column":4},"end":{"line":98,"column":null}},"11":{"start":{"line":102,"column":13},"end":{"line":354,"column":null}},"12":{"start":{"line":104,"column":19},"end":{"line":348,"column":null}},"13":{"start":{"line":113,"column":10},"end":{"line":113,"column":null}},"14":{"start":{"line":114,"column":33},"end":{"line":114,"column":null}},"15":{"start":{"line":115,"column":17},"end":{"line":115,"column":null}},"16":{"start":{"line":116,"column":25},"end":{"line":116,"column":null}},"17":{"start":{"line":117,"column":4},"end":{"line":117,"column":null}},"18":{"start":{"line":122,"column":21},"end":{"line":122,"column":null}},"19":{"start":{"line":123,"column":10},"end":{"line":123,"column":null}},"20":{"start":{"line":124,"column":4},"end":{"line":124,"column":null}},"21":{"start":{"line":125,"column":4},"end":{"line":125,"column":null}},"22":{"start":{"line":130,"column":4},"end":{"line":130,"column":null}},"23":{"start":{"line":135,"column":21},"end":{"line":135,"column":null}},"24":{"start":{"line":136,"column":10},"end":{"line":136,"column":null}},"25":{"start":{"line":137,"column":4},"end":{"line":137,"column":null}},"26":{"start":{"line":142,"column":21},"end":{"line":142,"column":null}},"27":{"start":{"line":143,"column":10},"end":{"line":143,"column":null}},"28":{"start":{"line":144,"column":4},"end":{"line":148,"column":null}},"29":{"start":{"line":145,"column":26},"end":{"line":145,"column":null}},"30":{"start":{"line":146,"column":12},"end":{"line":146,"column":null}},"31":{"start":{"line":147,"column":6},"end":{"line":147,"column":null}},"32":{"start":{"line":153,"column":21},"end":{"line":153,"column":null}},"33":{"start":{"line":154,"column":10},"end":{"line":154,"column":null}},"34":{"start":{"line":155,"column":4},"end":{"line":173,"column":null}},"35":{"start":{"line":156,"column":35},"end":{"line":156,"column":null}},"36":{"start":{"line":157,"column":32},"end":{"line":168,"column":null}},"37":{"start":{"line":169,"column":12},"end":{"line":171,"column":null}},"38":{"start":{"line":172,"column":6},"end":{"line":172,"column":null}},"39":{"start":{"line":178,"column":35},"end":{"line":178,"column":null}},"40":{"start":{"line":181,"column":6},"end":{"line":186,"column":null}},"41":{"start":{"line":182,"column":21},"end":{"line":182,"column":36}},"42":{"start":{"line":183,"column":19},"end":{"line":186,"column":10}},"43":{"start":{"line":189,"column":20},"end":{"line":189,"column":null}},"44":{"start":{"line":190,"column":24},"end":{"line":190,"column":null}},"45":{"start":{"line":191,"column":4},"end":{"line":191,"column":null}},"46":{"start":{"line":196,"column":35},"end":{"line":196,"column":null}},"47":{"start":{"line":197,"column":4},"end":{"line":197,"column":null}},"48":{"start":{"line":197,"column":23},"end":{"line":197,"column":null}},"49":{"start":{"line":198,"column":4},"end":{"line":198,"column":null}},"50":{"start":{"line":203,"column":21},"end":{"line":203,"column":null}},"51":{"start":{"line":204,"column":4},"end":{"line":204,"column":null}},"52":{"start":{"line":209,"column":21},"end":{"line":209,"column":null}},"53":{"start":{"line":210,"column":29},"end":{"line":210,"column":null}},"54":{"start":{"line":213,"column":6},"end":{"line":224,"column":null}},"55":{"start":{"line":214,"column":24},"end":{"line":214,"column":null}},"56":{"start":{"line":215,"column":8},"end":{"line":218,"column":null}},"57":{"start":{"line":216,"column":10},"end":{"line":216,"column":null}},"58":{"start":{"line":217,"column":10},"end":{"line":217,"column":null}},"59":{"start":{"line":219,"column":8},"end":{"line":223,"column":null}},"60":{"start":{"line":220,"column":10},"end":{"line":222,"column":null}},"61":{"start":{"line":221,"column":12},"end":{"line":221,"column":null}},"62":{"start":{"line":225,"column":6},"end":{"line":225,"column":null}},"63":{"start":{"line":228,"column":4},"end":{"line":228,"column":null}},"64":{"start":{"line":229,"column":4},"end":{"line":229,"column":null}},"65":{"start":{"line":234,"column":4},"end":{"line":234,"column":null}},"66":{"start":{"line":239,"column":25},"end":{"line":239,"column":null}},"67":{"start":{"line":240,"column":4},"end":{"line":240,"column":null}},"68":{"start":{"line":244,"column":39},"end":{"line":244,"column":null}},"69":{"start":{"line":245,"column":4},"end":{"line":249,"column":null}},"70":{"start":{"line":246,"column":26},"end":{"line":246,"column":null}},"71":{"start":{"line":247,"column":6},"end":{"line":247,"column":null}},"72":{"start":{"line":248,"column":6},"end":{"line":248,"column":null}},"73":{"start":{"line":250,"column":4},"end":{"line":250,"column":null}},"74":{"start":{"line":254,"column":21},"end":{"line":254,"column":null}},"75":{"start":{"line":255,"column":10},"end":{"line":255,"column":null}},"76":{"start":{"line":256,"column":4},"end":{"line":262,"column":null}},"77":{"start":{"line":257,"column":29},"end":{"line":257,"column":null}},"78":{"start":{"line":258,"column":25},"end":{"line":258,"column":null}},"79":{"start":{"line":259,"column":26},"end":{"line":259,"column":null}},"80":{"start":{"line":260,"column":12},"end":{"line":260,"column":null}},"81":{"start":{"line":261,"column":6},"end":{"line":261,"column":null}},"82":{"start":{"line":267,"column":21},"end":{"line":267,"column":null}},"83":{"start":{"line":268,"column":10},"end":{"line":268,"column":null}},"84":{"start":{"line":269,"column":4},"end":{"line":269,"column":null}},"85":{"start":{"line":269,"column":45},"end":{"line":269,"column":null}},"86":{"start":{"line":271,"column":28},"end":{"line":271,"column":null}},"87":{"start":{"line":272,"column":24},"end":{"line":272,"column":null}},"88":{"start":{"line":273,"column":16},"end":{"line":273,"column":null}},"89":{"start":{"line":275,"column":4},"end":{"line":282,"column":null}},"90":{"start":{"line":276,"column":25},"end":{"line":276,"column":null}},"91":{"start":{"line":277,"column":6},"end":{"line":281,"column":null}},"92":{"start":{"line":278,"column":8},"end":{"line":278,"column":null}},"93":{"start":{"line":279,"column":8},"end":{"line":279,"column":null}},"94":{"start":{"line":280,"column":8},"end":{"line":280,"column":null}},"95":{"start":{"line":284,"column":4},"end":{"line":284,"column":null}},"96":{"start":{"line":284,"column":21},"end":{"line":284,"column":null}},"97":{"start":{"line":286,"column":4},"end":{"line":289,"column":null}},"98":{"start":{"line":294,"column":21},"end":{"line":294,"column":null}},"99":{"start":{"line":298,"column":6},"end":{"line":342,"column":null}},"100":{"start":{"line":300,"column":32},"end":{"line":302,"column":null}},"101":{"start":{"line":305,"column":8},"end":{"line":336,"column":null}},"102":{"start":{"line":306,"column":34},"end":{"line":306,"column":null}},"103":{"start":{"line":307,"column":30},"end":{"line":307,"column":null}},"104":{"start":{"line":308,"column":22},"end":{"line":308,"column":null}},"105":{"start":{"line":310,"column":10},"end":{"line":317,"column":null}},"106":{"start":{"line":311,"column":30},"end":{"line":311,"column":null}},"107":{"start":{"line":312,"column":12},"end":{"line":316,"column":null}},"108":{"start":{"line":313,"column":14},"end":{"line":313,"column":null}},"109":{"start":{"line":314,"column":14},"end":{"line":314,"column":null}},"110":{"start":{"line":315,"column":14},"end":{"line":315,"column":null}},"111":{"start":{"line":319,"column":10},"end":{"line":335,"column":null}},"112":{"start":{"line":320,"column":42},"end":{"line":320,"column":null}},"113":{"start":{"line":321,"column":38},"end":{"line":321,"column":null}},"114":{"start":{"line":323,"column":12},"end":{"line":334,"column":null}},"115":{"start":{"line":338,"column":8},"end":{"line":341,"column":null}},"116":{"start":{"line":345,"column":24},"end":{"line":345,"column":null}},"117":{"start":{"line":346,"column":4},"end":{"line":346,"column":null}},"118":{"start":{"line":351,"column":30},"end":{"line":351,"column":null}}},"fnMap":{"0":{"name":"generateId","decl":{"start":{"line":64,"column":9},"end":{"line":64,"column":30}},"loc":{"start":{"line":64,"column":30},"end":{"line":66,"column":null}},"line":64},"1":{"name":"ensureAssessmentMeta","decl":{"start":{"line":86,"column":9},"end":{"line":86,"column":30}},"loc":{"start":{"line":86,"column":61},"end":{"line":100,"column":null}},"line":86},"2":{"name":"(anonymous_2)","decl":{"start":{"line":87,"column":19},"end":{"line":87,"column":27}},"loc":{"start":{"line":87,"column":27},"end":{"line":99,"column":3}},"line":87},"3":{"name":"(anonymous_3)","decl":{"start":{"line":104,"column":4},"end":{"line":104,"column":5}},"loc":{"start":{"line":104,"column":19},"end":{"line":348,"column":null}},"line":104},"4":{"name":"(anonymous_4)","decl":{"start":{"line":112,"column":16},"end":{"line":112,"column":17}},"loc":{"start":{"line":112,"column":38},"end":{"line":118,"column":null}},"line":112},"5":{"name":"(anonymous_5)","decl":{"start":{"line":121,"column":18},"end":{"line":121,"column":24}},"loc":{"start":{"line":121,"column":24},"end":{"line":126,"column":null}},"line":121},"6":{"name":"(anonymous_6)","decl":{"start":{"line":129,"column":14},"end":{"line":129,"column":15}},"loc":{"start":{"line":129,"column":34},"end":{"line":131,"column":null}},"line":129},"7":{"name":"(anonymous_7)","decl":{"start":{"line":134,"column":21},"end":{"line":134,"column":22}},"loc":{"start":{"line":134,"column":58},"end":{"line":138,"column":null}},"line":134},"8":{"name":"(anonymous_8)","decl":{"start":{"line":141,"column":18},"end":{"line":141,"column":19}},"loc":{"start":{"line":141,"column":74},"end":{"line":149,"column":null}},"line":141},"9":{"name":"(anonymous_9)","decl":{"start":{"line":152,"column":12},"end":{"line":152,"column":13}},"loc":{"start":{"line":152,"column":51},"end":{"line":174,"column":null}},"line":152},"10":{"name":"(anonymous_10)","decl":{"start":{"line":177,"column":14},"end":{"line":177,"column":15}},"loc":{"start":{"line":177,"column":34},"end":{"line":192,"column":null}},"line":177},"11":{"name":"removeNode","decl":{"start":{"line":180,"column":13},"end":{"line":180,"column":24}},"loc":{"start":{"line":180,"column":55},"end":{"line":187,"column":null}},"line":180},"12":{"name":"(anonymous_12)","decl":{"start":{"line":182,"column":16},"end":{"line":182,"column":21}},"loc":{"start":{"line":182,"column":21},"end":{"line":182,"column":36}},"line":182},"13":{"name":"(anonymous_13)","decl":{"start":{"line":183,"column":13},"end":{"line":183,"column":19}},"loc":{"start":{"line":183,"column":19},"end":{"line":186,"column":10}},"line":183},"14":{"name":"(anonymous_14)","decl":{"start":{"line":195,"column":17},"end":{"line":195,"column":23}},"loc":{"start":{"line":195,"column":23},"end":{"line":199,"column":null}},"line":195},"15":{"name":"(anonymous_15)","decl":{"start":{"line":202,"column":15},"end":{"line":202,"column":21}},"loc":{"start":{"line":202,"column":21},"end":{"line":205,"column":null}},"line":202},"16":{"name":"(anonymous_16)","decl":{"start":{"line":208,"column":15},"end":{"line":208,"column":16}},"loc":{"start":{"line":208,"column":35},"end":{"line":230,"column":null}},"line":208},"17":{"name":"findPath","decl":{"start":{"line":212,"column":13},"end":{"line":212,"column":22}},"loc":{"start":{"line":212,"column":75},"end":{"line":226,"column":null}},"line":212},"18":{"name":"(anonymous_18)","decl":{"start":{"line":233,"column":15},"end":{"line":233,"column":16}},"loc":{"start":{"line":233,"column":37},"end":{"line":235,"column":null}},"line":233},"19":{"name":"(anonymous_19)","decl":{"start":{"line":238,"column":15},"end":{"line":238,"column":16}},"loc":{"start":{"line":238,"column":35},"end":{"line":241,"column":null}},"line":238},"20":{"name":"(anonymous_20)","decl":{"start":{"line":243,"column":23},"end":{"line":243,"column":24}},"loc":{"start":{"line":243,"column":53},"end":{"line":251,"column":null}},"line":243},"21":{"name":"(anonymous_21)","decl":{"start":{"line":253,"column":24},"end":{"line":253,"column":25}},"loc":{"start":{"line":253,"column":94},"end":{"line":263,"column":null}},"line":253},"22":{"name":"(anonymous_22)","decl":{"start":{"line":266,"column":22},"end":{"line":266,"column":23}},"loc":{"start":{"line":266,"column":42},"end":{"line":290,"column":null}},"line":266},"23":{"name":"(anonymous_23)","decl":{"start":{"line":293,"column":33},"end":{"line":293,"column":39}},"loc":{"start":{"line":293,"column":39},"end":{"line":347,"column":null}},"line":293},"24":{"name":"calculateScores","decl":{"start":{"line":297,"column":13},"end":{"line":297,"column":29}},"loc":{"start":{"line":297,"column":60},"end":{"line":343,"column":null}},"line":297},"25":{"name":"(anonymous_25)","decl":{"start":{"line":298,"column":23},"end":{"line":298,"column":31}},"loc":{"start":{"line":298,"column":31},"end":{"line":342,"column":7}},"line":298},"26":{"name":"(anonymous_26)","decl":{"start":{"line":351,"column":18},"end":{"line":351,"column":19}},"loc":{"start":{"line":351,"column":30},"end":{"line":351,"column":null}},"line":351}},"branchMap":{"0":{"loc":{"start":{"line":88,"column":23},"end":{"line":88,"column":null}},"type":"binary-expr","locations":[{"start":{"line":88,"column":23},"end":{"line":88,"column":47}},{"start":{"line":88,"column":47},"end":{"line":88,"column":null}}],"line":88},"1":{"loc":{"start":{"line":89,"column":24},"end":{"line":89,"column":null}},"type":"cond-expr","locations":[{"start":{"line":89,"column":47},"end":{"line":89,"column":59}},{"start":{"line":89,"column":59},"end":{"line":89,"column":null}}],"line":89},"2":{"loc":{"start":{"line":90,"column":28},"end":{"line":90,"column":null}},"type":"cond-expr","locations":[{"start":{"line":90,"column":55},"end":{"line":90,"column":93}},{"start":{"line":90,"column":93},"end":{"line":90,"column":null}}],"line":90},"3":{"loc":{"start":{"line":91,"column":4},"end":{"line":93,"column":null}},"type":"if","locations":[{"start":{"line":91,"column":4},"end":{"line":93,"column":null}},{"start":{},"end":{}}],"line":91},"4":{"loc":{"start":{"line":91,"column":8},"end":{"line":91,"column":72}},"type":"binary-expr","locations":[{"start":{"line":91,"column":8},"end":{"line":91,"column":37}},{"start":{"line":91,"column":37},"end":{"line":91,"column":72}}],"line":91},"5":{"loc":{"start":{"line":115,"column":17},"end":{"line":115,"column":null}},"type":"cond-expr","locations":[{"start":{"line":115,"column":44},"end":{"line":115,"column":79}},{"start":{"line":115,"column":79},"end":{"line":115,"column":null}}],"line":115},"6":{"loc":{"start":{"line":116,"column":25},"end":{"line":116,"column":null}},"type":"cond-expr","locations":[{"start":{"line":116,"column":43},"end":{"line":116,"column":56}},{"start":{"line":116,"column":56},"end":{"line":116,"column":null}}],"line":116},"7":{"loc":{"start":{"line":144,"column":4},"end":{"line":148,"column":null}},"type":"if","locations":[{"start":{"line":144,"column":4},"end":{"line":148,"column":null}},{"start":{},"end":{}}],"line":144},"8":{"loc":{"start":{"line":155,"column":4},"end":{"line":173,"column":null}},"type":"if","locations":[{"start":{"line":155,"column":4},"end":{"line":173,"column":null}},{"start":{},"end":{}}],"line":155},"9":{"loc":{"start":{"line":165,"column":22},"end":{"line":165,"column":null}},"type":"cond-expr","locations":[{"start":{"line":165,"column":49},"end":{"line":165,"column":76}},{"start":{"line":165,"column":76},"end":{"line":165,"column":null}}],"line":165},"10":{"loc":{"start":{"line":190,"column":24},"end":{"line":190,"column":null}},"type":"cond-expr","locations":[{"start":{"line":190,"column":51},"end":{"line":190,"column":96}},{"start":{"line":190,"column":96},"end":{"line":190,"column":null}}],"line":190},"11":{"loc":{"start":{"line":190,"column":51},"end":{"line":190,"column":96}},"type":"cond-expr","locations":[{"start":{"line":190,"column":72},"end":{"line":190,"column":88}},{"start":{"line":190,"column":88},"end":{"line":190,"column":96}}],"line":190},"12":{"loc":{"start":{"line":197,"column":4},"end":{"line":197,"column":null}},"type":"if","locations":[{"start":{"line":197,"column":4},"end":{"line":197,"column":null}},{"start":{},"end":{}}],"line":197},"13":{"loc":{"start":{"line":215,"column":8},"end":{"line":218,"column":null}},"type":"if","locations":[{"start":{"line":215,"column":8},"end":{"line":218,"column":null}},{"start":{},"end":{}}],"line":215},"14":{"loc":{"start":{"line":219,"column":8},"end":{"line":223,"column":null}},"type":"if","locations":[{"start":{"line":219,"column":8},"end":{"line":223,"column":null}},{"start":{},"end":{}}],"line":219},"15":{"loc":{"start":{"line":220,"column":10},"end":{"line":222,"column":null}},"type":"if","locations":[{"start":{"line":220,"column":10},"end":{"line":222,"column":null}},{"start":{},"end":{}}],"line":220},"16":{"loc":{"start":{"line":245,"column":4},"end":{"line":249,"column":null}},"type":"if","locations":[{"start":{"line":245,"column":4},"end":{"line":249,"column":null}},{"start":{},"end":{}}],"line":245},"17":{"loc":{"start":{"line":245,"column":8},"end":{"line":245,"column":53}},"type":"binary-expr","locations":[{"start":{"line":245,"column":8},"end":{"line":245,"column":37}},{"start":{"line":245,"column":37},"end":{"line":245,"column":53}}],"line":245},"18":{"loc":{"start":{"line":256,"column":4},"end":{"line":262,"column":null}},"type":"if","locations":[{"start":{"line":256,"column":4},"end":{"line":262,"column":null}},{"start":{},"end":{}}],"line":256},"19":{"loc":{"start":{"line":257,"column":29},"end":{"line":257,"column":null}},"type":"binary-expr","locations":[{"start":{"line":257,"column":29},"end":{"line":257,"column":53}},{"start":{"line":257,"column":53},"end":{"line":257,"column":null}}],"line":257},"20":{"loc":{"start":{"line":269,"column":4},"end":{"line":269,"column":null}},"type":"if","locations":[{"start":{"line":269,"column":4},"end":{"line":269,"column":null}},{"start":{},"end":{}}],"line":269},"21":{"loc":{"start":{"line":269,"column":8},"end":{"line":269,"column":45}},"type":"binary-expr","locations":[{"start":{"line":269,"column":8},"end":{"line":269,"column":17}},{"start":{"line":269,"column":17},"end":{"line":269,"column":45}}],"line":269},"22":{"loc":{"start":{"line":277,"column":6},"end":{"line":281,"column":null}},"type":"if","locations":[{"start":{"line":277,"column":6},"end":{"line":281,"column":null}},{"start":{},"end":{}}],"line":277},"23":{"loc":{"start":{"line":278,"column":29},"end":{"line":278,"column":null}},"type":"binary-expr","locations":[{"start":{"line":278,"column":29},"end":{"line":278,"column":61}},{"start":{"line":278,"column":61},"end":{"line":278,"column":null}}],"line":278},"24":{"loc":{"start":{"line":279,"column":25},"end":{"line":279,"column":null}},"type":"binary-expr","locations":[{"start":{"line":279,"column":25},"end":{"line":279,"column":53}},{"start":{"line":279,"column":53},"end":{"line":279,"column":null}}],"line":279},"25":{"loc":{"start":{"line":284,"column":4},"end":{"line":284,"column":null}},"type":"if","locations":[{"start":{"line":284,"column":4},"end":{"line":284,"column":null}},{"start":{},"end":{}}],"line":284},"26":{"loc":{"start":{"line":300,"column":32},"end":{"line":302,"column":null}},"type":"cond-expr","locations":[{"start":{"line":301,"column":12},"end":{"line":301,"column":null}},{"start":{"line":302,"column":12},"end":{"line":302,"column":null}}],"line":300},"27":{"loc":{"start":{"line":305,"column":8},"end":{"line":336,"column":null}},"type":"if","locations":[{"start":{"line":305,"column":8},"end":{"line":336,"column":null}},{"start":{},"end":{}}],"line":305},"28":{"loc":{"start":{"line":312,"column":12},"end":{"line":316,"column":null}},"type":"if","locations":[{"start":{"line":312,"column":12},"end":{"line":316,"column":null}},{"start":{},"end":{}}],"line":312},"29":{"loc":{"start":{"line":313,"column":35},"end":{"line":313,"column":null}},"type":"binary-expr","locations":[{"start":{"line":313,"column":35},"end":{"line":313,"column":66}},{"start":{"line":313,"column":66},"end":{"line":313,"column":null}}],"line":313},"30":{"loc":{"start":{"line":314,"column":31},"end":{"line":314,"column":null}},"type":"binary-expr","locations":[{"start":{"line":314,"column":31},"end":{"line":314,"column":58}},{"start":{"line":314,"column":58},"end":{"line":314,"column":null}}],"line":314},"31":{"loc":{"start":{"line":319,"column":10},"end":{"line":335,"column":null}},"type":"if","locations":[{"start":{"line":319,"column":10},"end":{"line":335,"column":null}},{"start":{},"end":{}}],"line":319}},"s":{"0":6,"1":7,"2":7,"3":7,"4":21,"5":24,"6":24,"7":24,"8":24,"9":0,"10":24,"11":7,"12":7,"13":143,"14":143,"15":143,"16":143,"17":143,"18":2,"19":2,"20":2,"21":2,"22":74,"23":26,"24":26,"25":26,"26":2,"27":2,"28":2,"29":2,"30":2,"31":2,"32":3,"33":3,"34":3,"35":3,"36":3,"37":3,"38":3,"39":4,"40":8,"41":8,"42":4,"43":4,"44":4,"45":4,"46":356,"47":356,"48":59,"49":297,"50":125,"51":125,"52":204,"53":204,"54":210,"55":210,"56":210,"57":203,"58":203,"59":7,"60":6,"61":6,"62":1,"63":204,"64":204,"65":10,"66":5,"67":5,"68":24,"69":24,"70":15,"71":15,"72":15,"73":9,"74":10,"75":10,"76":10,"77":10,"78":10,"79":10,"80":10,"81":10,"82":2,"83":2,"84":2,"85":1,"86":1,"87":1,"88":1,"89":1,"90":2,"91":2,"92":2,"93":2,"94":2,"95":1,"96":0,"97":1,"98":3,"99":6,"100":9,"101":9,"102":3,"103":3,"104":3,"105":3,"106":6,"107":6,"108":6,"109":6,"110":6,"111":3,"112":3,"113":3,"114":3,"115":6,"116":3,"117":3,"118":506},"f":{"0":6,"1":21,"2":24,"3":7,"4":143,"5":2,"6":74,"7":26,"8":2,"9":3,"10":4,"11":8,"12":8,"13":4,"14":356,"15":125,"16":204,"17":210,"18":10,"19":5,"20":24,"21":10,"22":2,"23":3,"24":6,"25":9,"26":506},"b":{"0":[24,24],"1":[0,24],"2":[6,18],"3":[0,24],"4":[24,0],"5":[0,143],"6":[142,1],"7":[2,0],"8":[3,0],"9":[0,3],"10":[1,3],"11":[1,0],"12":[59,297],"13":[203,7],"14":[6,1],"15":[6,0],"16":[15,9],"17":[24,19],"18":[10,0],"19":[10,0],"20":[1,1],"21":[2,2],"22":[2,0],"23":[2,0],"24":[2,0],"25":[0,1],"26":[3,6],"27":[3,6],"28":[6,0],"29":[6,0],"30":[6,0],"31":[3,0]},"meta":{"lastBranch":32,"lastFunction":27,"lastStatement":119,"seen":{"f:64:9:64:30":0,"s:65:2:65:Infinity":0,"s:69:34:74:Infinity":1,"s:76:50:79:Infinity":2,"s:81:26:84:Infinity":3,"f:86:9:86:30":1,"s:87:2:99:Infinity":4,"f:87:19:87:27":2,"s:88:23:88:Infinity":5,"b:88:23:88:47:88:47:88:Infinity":0,"s:89:24:89:Infinity":6,"b:89:47:89:59:89:59:89:Infinity":1,"s:90:28:90:Infinity":7,"b:90:55:90:93:90:93:90:Infinity":2,"b:91:4:93:Infinity:undefined:undefined:undefined:undefined":3,"s:91:4:93:Infinity":8,"b:91:8:91:37:91:37:91:72":4,"s:92:6:92:Infinity":9,"s:94:4:98:Infinity":10,"s:102:13:354:Infinity":11,"f:104:4:104:5":3,"s:104:19:348:Infinity":12,"f:112:16:112:17":4,"s:113:10:113:Infinity":13,"s:114:33:114:Infinity":14,"s:115:17:115:Infinity":15,"b:115:44:115:79:115:79:115:Infinity":5,"s:116:25:116:Infinity":16,"b:116:43:116:56:116:56:116:Infinity":6,"s:117:4:117:Infinity":17,"f:121:18:121:24":5,"s:122:21:122:Infinity":18,"s:123:10:123:Infinity":19,"s:124:4:124:Infinity":20,"s:125:4:125:Infinity":21,"f:129:14:129:15":6,"s:130:4:130:Infinity":22,"f:134:21:134:22":7,"s:135:21:135:Infinity":23,"s:136:10:136:Infinity":24,"s:137:4:137:Infinity":25,"f:141:18:141:19":8,"s:142:21:142:Infinity":26,"s:143:10:143:Infinity":27,"b:144:4:148:Infinity:undefined:undefined:undefined:undefined":7,"s:144:4:148:Infinity":28,"s:145:26:145:Infinity":29,"s:146:12:146:Infinity":30,"s:147:6:147:Infinity":31,"f:152:12:152:13":9,"s:153:21:153:Infinity":32,"s:154:10:154:Infinity":33,"b:155:4:173:Infinity:undefined:undefined:undefined:undefined":8,"s:155:4:173:Infinity":34,"s:156:35:156:Infinity":35,"s:157:32:168:Infinity":36,"b:165:49:165:76:165:76:165:Infinity":9,"s:169:12:171:Infinity":37,"s:172:6:172:Infinity":38,"f:177:14:177:15":10,"s:178:35:178:Infinity":39,"f:180:13:180:24":11,"s:181:6:186:Infinity":40,"f:182:16:182:21":12,"s:182:21:182:36":41,"f:183:13:183:19":13,"s:183:19:186:10":42,"s:189:20:189:Infinity":43,"s:190:24:190:Infinity":44,"b:190:51:190:96:190:96:190:Infinity":10,"b:190:72:190:88:190:88:190:96":11,"s:191:4:191:Infinity":45,"f:195:17:195:23":14,"s:196:35:196:Infinity":46,"b:197:4:197:Infinity:undefined:undefined:undefined:undefined":12,"s:197:4:197:Infinity":47,"s:197:23:197:Infinity":48,"s:198:4:198:Infinity":49,"f:202:15:202:21":15,"s:203:21:203:Infinity":50,"s:204:4:204:Infinity":51,"f:208:15:208:16":16,"s:209:21:209:Infinity":52,"s:210:29:210:Infinity":53,"f:212:13:212:22":17,"s:213:6:224:Infinity":54,"s:214:24:214:Infinity":55,"b:215:8:218:Infinity:undefined:undefined:undefined:undefined":13,"s:215:8:218:Infinity":56,"s:216:10:216:Infinity":57,"s:217:10:217:Infinity":58,"b:219:8:223:Infinity:undefined:undefined:undefined:undefined":14,"s:219:8:223:Infinity":59,"b:220:10:222:Infinity:undefined:undefined:undefined:undefined":15,"s:220:10:222:Infinity":60,"s:221:12:221:Infinity":61,"s:225:6:225:Infinity":62,"s:228:4:228:Infinity":63,"s:229:4:229:Infinity":64,"f:233:15:233:16":18,"s:234:4:234:Infinity":65,"f:238:15:238:16":19,"s:239:25:239:Infinity":66,"s:240:4:240:Infinity":67,"f:243:23:243:24":20,"s:244:39:244:Infinity":68,"b:245:4:249:Infinity:undefined:undefined:undefined:undefined":16,"s:245:4:249:Infinity":69,"b:245:8:245:37:245:37:245:53":17,"s:246:26:246:Infinity":70,"s:247:6:247:Infinity":71,"s:248:6:248:Infinity":72,"s:250:4:250:Infinity":73,"f:253:24:253:25":21,"s:254:21:254:Infinity":74,"s:255:10:255:Infinity":75,"b:256:4:262:Infinity:undefined:undefined:undefined:undefined":18,"s:256:4:262:Infinity":76,"s:257:29:257:Infinity":77,"b:257:29:257:53:257:53:257:Infinity":19,"s:258:25:258:Infinity":78,"s:259:26:259:Infinity":79,"s:260:12:260:Infinity":80,"s:261:6:261:Infinity":81,"f:266:22:266:23":22,"s:267:21:267:Infinity":82,"s:268:10:268:Infinity":83,"b:269:4:269:Infinity:undefined:undefined:undefined:undefined":20,"s:269:4:269:Infinity":84,"b:269:8:269:17:269:17:269:45":21,"s:269:45:269:Infinity":85,"s:271:28:271:Infinity":86,"s:272:24:272:Infinity":87,"s:273:16:273:Infinity":88,"s:275:4:282:Infinity":89,"s:276:25:276:Infinity":90,"b:277:6:281:Infinity:undefined:undefined:undefined:undefined":22,"s:277:6:281:Infinity":91,"s:278:8:278:Infinity":92,"b:278:29:278:61:278:61:278:Infinity":23,"s:279:8:279:Infinity":93,"b:279:25:279:53:279:53:279:Infinity":24,"s:280:8:280:Infinity":94,"b:284:4:284:Infinity:undefined:undefined:undefined:undefined":25,"s:284:4:284:Infinity":95,"s:284:21:284:Infinity":96,"s:286:4:289:Infinity":97,"f:293:33:293:39":23,"s:294:21:294:Infinity":98,"f:297:13:297:29":24,"s:298:6:342:Infinity":99,"f:298:23:298:31":25,"s:300:32:302:Infinity":100,"b:301:12:301:Infinity:302:12:302:Infinity":26,"b:305:8:336:Infinity:undefined:undefined:undefined:undefined":27,"s:305:8:336:Infinity":101,"s:306:34:306:Infinity":102,"s:307:30:307:Infinity":103,"s:308:22:308:Infinity":104,"s:310:10:317:Infinity":105,"s:311:30:311:Infinity":106,"b:312:12:316:Infinity:undefined:undefined:undefined:undefined":28,"s:312:12:316:Infinity":107,"s:313:14:313:Infinity":108,"b:313:35:313:66:313:66:313:Infinity":29,"s:314:14:314:Infinity":109,"b:314:31:314:58:314:58:314:Infinity":30,"s:315:14:315:Infinity":110,"b:319:10:335:Infinity:undefined:undefined:undefined:undefined":31,"s:319:10:335:Infinity":111,"s:320:42:320:Infinity":112,"s:321:38:321:Infinity":113,"s:323:12:334:Infinity":114,"s:338:8:341:Infinity":115,"s:345:24:345:Infinity":116,"s:346:4:346:Infinity":117,"f:351:18:351:19":26,"s:351:30:351:Infinity":118}}}
,"/workspaces/FractalIAworker/src/types.ts": {"path":"/workspaces/FractalIAworker/src/types.ts","statementMap":{"0":{"start":{"line":4,"column":33},"end":{"line":8,"column":null}},"1":{"start":{"line":13,"column":35},"end":{"line":16,"column":null}},"2":{"start":{"line":21,"column":30},"end":{"line":25,"column":null}},"3":{"start":{"line":30,"column":36},"end":{"line":35,"column":null}},"4":{"start":{"line":43,"column":30},"end":{"line":51,"column":null}},"5":{"start":{"line":56,"column":46},"end":{"line":65,"column":null}},"6":{"start":{"line":57,"column":2},"end":{"line":64,"column":null}},"7":{"start":{"line":70,"column":33},"end":{"line":72,"column":null}}},"fnMap":{"0":{"name":"(anonymous_0)","decl":{"start":{"line":56,"column":53},"end":{"line":56,"column":null}},"loc":{"start":{"line":57,"column":2},"end":{"line":64,"column":null}},"line":57}},"branchMap":{},"s":{"0":10,"1":10,"2":10,"3":10,"4":10,"5":10,"6":6,"7":10},"f":{"0":6},"b":{},"meta":{"lastBranch":0,"lastFunction":1,"lastStatement":8,"seen":{"s:4:33:8:Infinity":0,"s:13:35:16:Infinity":1,"s:21:30:25:Infinity":2,"s:30:36:35:Infinity":3,"s:43:30:51:Infinity":4,"s:56:46:65:Infinity":5,"f:56:53:56:Infinity":0,"s:57:2:64:Infinity":6,"s:70:33:72:Infinity":7}}}
,"/workspaces/FractalIAworker/src/components/App.tsx": {"path":"/workspaces/FractalIAworker/src/components/App.tsx","statementMap":{"0":{"start":{"line":16,"column":32},"end":{"line":244,"column":null}},"1":{"start":{"line":17,"column":68},"end":{"line":17,"column":null}},"2":{"start":{"line":18,"column":23},"end":{"line":18,"column":null}},"3":{"start":{"line":19,"column":38},"end":{"line":19,"column":null}},"4":{"start":{"line":20,"column":46},"end":{"line":20,"column":null}},"5":{"start":{"line":23,"column":2},"end":{"line":29,"column":null}},"6":{"start":{"line":24,"column":4},"end":{"line":28,"column":null}},"7":{"start":{"line":25,"column":6},"end":{"line":25,"column":null}},"8":{"start":{"line":26,"column":4},"end":{"line":28,"column":null}},"9":{"start":{"line":27,"column":6},"end":{"line":27,"column":null}},"10":{"start":{"line":32,"column":38},"end":{"line":32,"column":null}},"11":{"start":{"line":33,"column":36},"end":{"line":33,"column":null}},"12":{"start":{"line":34,"column":8},"end":{"line":34,"column":null}},"13":{"start":{"line":35,"column":8},"end":{"line":35,"column":null}},"14":{"start":{"line":38,"column":2},"end":{"line":40,"column":null}},"15":{"start":{"line":39,"column":4},"end":{"line":39,"column":null}},"16":{"start":{"line":43,"column":8},"end":{"line":47,"column":null}},"17":{"start":{"line":44,"column":4},"end":{"line":44,"column":null}},"18":{"start":{"line":45,"column":4},"end":{"line":45,"column":null}},"19":{"start":{"line":46,"column":4},"end":{"line":46,"column":null}},"20":{"start":{"line":49,"column":8},"end":{"line":66,"column":null}},"21":{"start":{"line":50,"column":4},"end":{"line":50,"column":null}},"22":{"start":{"line":50,"column":54},"end":{"line":50,"column":null}},"23":{"start":{"line":52,"column":26},"end":{"line":52,"column":null}},"24":{"start":{"line":53,"column":19},"end":{"line":53,"column":null}},"25":{"start":{"line":54,"column":27},"end":{"line":54,"column":null}},"26":{"start":{"line":55,"column":24},"end":{"line":55,"column":null}},"27":{"start":{"line":57,"column":4},"end":{"line":65,"column":null}},"28":{"start":{"line":59,"column":23},"end":{"line":59,"column":null}},"29":{"start":{"line":60,"column":6},"end":{"line":60,"column":null}},"30":{"start":{"line":61,"column":4},"end":{"line":65,"column":null}},"31":{"start":{"line":63,"column":29},"end":{"line":63,"column":null}},"32":{"start":{"line":64,"column":6},"end":{"line":64,"column":null}},"33":{"start":{"line":68,"column":8},"end":{"line":72,"column":null}},"34":{"start":{"line":69,"column":4},"end":{"line":69,"column":null}},"35":{"start":{"line":70,"column":4},"end":{"line":70,"column":null}},"36":{"start":{"line":71,"column":4},"end":{"line":71,"column":null}},"37":{"start":{"line":74,"column":2},"end":{"line":81,"column":null}},"38":{"start":{"line":75,"column":4},"end":{"line":75,"column":null}},"39":{"start":{"line":76,"column":4},"end":{"line":76,"column":null}},"40":{"start":{"line":77,"column":4},"end":{"line":80,"column":null}},"41":{"start":{"line":78,"column":6},"end":{"line":78,"column":null}},"42":{"start":{"line":79,"column":6},"end":{"line":79,"column":null}},"43":{"start":{"line":83,"column":33},"end":{"line":92,"column":null}},"44":{"start":{"line":84,"column":21},"end":{"line":84,"column":null}},"45":{"start":{"line":85,"column":20},"end":{"line":85,"column":null}},"46":{"start":{"line":86,"column":17},"end":{"line":86,"column":null}},"47":{"start":{"line":87,"column":4},"end":{"line":87,"column":null}},"48":{"start":{"line":88,"column":4},"end":{"line":88,"column":null}},"49":{"start":{"line":89,"column":4},"end":{"line":89,"column":null}},"50":{"start":{"line":90,"column":4},"end":{"line":90,"column":null}},"51":{"start":{"line":91,"column":4},"end":{"line":91,"column":null}},"52":{"start":{"line":94,"column":31},"end":{"line":105,"column":null}},"53":{"start":{"line":95,"column":17},"end":{"line":95,"column":null}},"54":{"start":{"line":96,"column":4},"end":{"line":104,"column":null}},"55":{"start":{"line":97,"column":6},"end":{"line":103,"column":null}},"56":{"start":{"line":98,"column":21},"end":{"line":98,"column":null}},"57":{"start":{"line":99,"column":8},"end":{"line":99,"column":null}},"58":{"start":{"line":101,"column":8},"end":{"line":101,"column":null}},"59":{"start":{"line":102,"column":8},"end":{"line":102,"column":null}},"60":{"start":{"line":107,"column":31},"end":{"line":111,"column":null}},"61":{"start":{"line":108,"column":4},"end":{"line":110,"column":null}},"62":{"start":{"line":109,"column":6},"end":{"line":109,"column":null}},"63":{"start":{"line":113,"column":2},"end":{"line":242,"column":null}},"64":{"start":{"line":127,"column":29},"end":{"line":127,"column":null}},"65":{"start":{"line":136,"column":29},"end":{"line":136,"column":null}},"66":{"start":{"line":163,"column":29},"end":{"line":163,"column":null}},"67":{"start":{"line":191,"column":29},"end":{"line":191,"column":null}},"68":{"start":{"line":207,"column":29},"end":{"line":207,"column":null}},"69":{"start":{"line":214,"column":42},"end":{"line":214,"column":65}},"70":{"start":{"line":238,"column":58},"end":{"line":238,"column":82}},"71":{"start":{"line":241,"column":66},"end":{"line":241,"column":94}}},"fnMap":{"0":{"name":"(anonymous_0)","decl":{"start":{"line":16,"column":32},"end":{"line":16,"column":33}},"loc":{"start":{"line":16,"column":56},"end":{"line":244,"column":null}},"line":16},"1":{"name":"(anonymous_1)","decl":{"start":{"line":23,"column":12},"end":{"line":23,"column":18}},"loc":{"start":{"line":23,"column":18},"end":{"line":29,"column":5}},"line":23},"2":{"name":"(anonymous_2)","decl":{"start":{"line":38,"column":12},"end":{"line":38,"column":18}},"loc":{"start":{"line":38,"column":18},"end":{"line":40,"column":5}},"line":38},"3":{"name":"(anonymous_3)","decl":{"start":{"line":43,"column":38},"end":{"line":43,"column":39}},"loc":{"start":{"line":43,"column":75},"end":{"line":47,"co
[...]
9":{"loc":{"start":{"line":208,"column":20},"end":{"line":208,"column":null}},"type":"cond-expr","locations":[{"start":{"line":208,"column":40},"end":{"line":208,"column":58}},{"start":{"line":208,"column":58},"end":{"line":208,"column":null}}],"line":208},"10":{"loc":{"start":{"line":240,"column":14},"end":{"line":244,"column":null}},"type":"cond-expr","locations":[{"start":{"line":241,"column":18},"end":{"line":241,"column":null}},{"start":{"line":242,"column":18},"end":{"line":244,"column":null}}],"line":240},"11":{"loc":{"start":{"line":242,"column":18},"end":{"line":244,"column":null}},"type":"cond-expr","locations":[{"start":{"line":243,"column":18},"end":{"line":243,"column":null}},{"start":{"line":244,"column":18},"end":{"line":244,"column":null}}],"line":242},"12":{"loc":{"start":{"line":247,"column":13},"end":{"line":253,"column":null}},"type":"cond-expr","locations":[{"start":{"line":248,"column":14},"end":{"line":251,"column":null}},{"start":{"line":253,"column":14},"end":{"line":253,"column":null}}],"line":247},"13":{"loc":{"start":{"line":253,"column":14},"end":{"line":253,"column":null}},"type":"cond-expr","locations":[{"start":{"line":253,"column":32},"end":{"line":253,"column":59}},{"start":{"line":253,"column":59},"end":{"line":253,"column":null}}],"line":253}},"s":{"0":2,"1":139,"2":139,"3":139,"4":139,"5":139,"6":139,"7":139,"8":139,"9":139,"10":139,"11":43,"12":43,"13":169,"14":42,"15":139,"16":51,"17":20,"18":20,"19":20,"20":20,"21":20,"22":139,"23":5,"24":5,"25":5,"26":5,"27":1,"28":1,"29":139,"30":93,"31":44,"32":1,"33":1,"34":1,"35":176,"36":5,"37":2,"38":1},"f":{"0":139,"1":43,"2":169,"3":51,"4":5,"5":1,"6":1,"7":1,"8":1,"9":176,"10":5,"11":2,"12":1},"b":{"0":[41,2],"1":[42,1],"2":[20,31],"3":[93,46],"4":[41,3],"5":[3,41],"6":[41,3],"7":[41,3],"8":[8,36],"9":[8,36],"10":[10,34],"11":[11,23],"12":[10,34],"13":[23,11]},"meta":{"lastBranch":14,"lastFunction":13,"lastStatement":39,"seen":{"s:10:52:260:Infinity":0,"f:10:52:10:53":0,"s:11:71:11:Infinity":1,"s:12:34:12:Infinity":2,"s:13:30:13:Infinity":3,"s:14:28:14:Infinity":4,"s:15:52:15:Infinity":5,"s:16:54:16:Infinity":6,"s:17:28:17:Infinity":7,"s:18:26:18:Infinity":8,"s:21:17:34:Infinity":9,"s:37:2:42:Infinity":10,"f:37:18:37:24":1,"s:38:25:38:Infinity":11,"b:38:49:38:70:38:70:38:Infinity":0,"b:39:4:41:Infinity:undefined:undefined:undefined:undefined":1,"s:39:4:41:Infinity":12,"f:39:31:39:36":2,"s:39:36:39:53":13,"s:40:6:40:Infinity":14,"s:44:2:52:Infinity":15,"f:44:18:44:24":3,"b:45:4:51:Infinity:undefined:undefined:undefined:undefined":2,"s:45:4:51:Infinity":16,"s:46:6:46:Infinity":17,"s:47:6:47:Infinity":18,"s:48:6:48:Infinity":19,"s:49:6:49:Infinity":20,"s:50:6:50:Infinity":21,"s:54:21:70:Infinity":22,"f:54:21:54:27":4,"s:55:4:60:Infinity":23,"s:61:4:64:Infinity":24,"s:65:4:65:Infinity":25,"s:66:4:69:Infinity":26,"f:66:15:66:21":5,"s:67:6:67:Infinity":27,"s:68:6:68:Infinity":28,"b:72:2:72:Infinity:undefined:undefined:undefined:undefined":3,"s:72:2:72:Infinity":29,"s:72:15:72:Infinity":30,"s:74:2:258:Infinity":31,"f:100:25:100:31":6,"s:100:31:100:Infinity":32,"b:103:22:103:Infinity:104:22:104:Infinity":4,"f:112:25:112:31":7,"s:112:31:112:Infinity":33,"b:115:22:115:Infinity:116:22:116:Infinity":5,"f:133:24:133:25":8,"s:133:31:133:Infinity":34,"f:136:36:136:37":9,"s:137:16:139:Infinity":35,"b:147:47:147:61:147:61:147:Infinity":6,"f:152:24:152:25":10,"s:152:31:152:Infinity":36,"b:153:51:153:63:153:63:153:Infinity":7,"f:199:25:199:31":11,"s:199:31:199:Infinity":37,"b:201:38:201:56:201:56:201:Infinity":8,"b:208:40:208:58:208:58:208:Infinity":9,"f:220:26:220:27":12,"s:220:33:220:Infinity":38,"b:241:18:241:Infinity:242:18:244:Infinity":10,"b:243:18:243:Infinity:244:18:244:Infinity":11,"b:248:14:251:Infinity:253:14:253:Infinity":12,"b:253:32:253:59:253:59:253:Infinity":13}}}
,"/workspaces/FractalIAworker/src/components/Sidebar.tsx": {"path":"/workspaces/FractalIAworker/src/components/Sidebar.tsx","statementMap":{"0":{"start":{"line":11,"column":20},"end":{"line":18,"column":null}},"1":{"start":{"line":20,"column":22},"end":{"line":27,"column":null}},"2":{"start":{"line":31,"column":14},"end":{"line":31,"column":null}},"3":{"start":{"line":32,"column":2},"end":{"line":37,"column":null}},"4":{"start":{"line":33,"column":4},"end":{"line":33,"column":null}},"5":{"start":{"line":34,"column":4},"end":{"line":36,"column":null}},"6":{"start":{"line":35,"column":6},"end":{"line":35,"column":null}},"7":{"start":{"line":38,"column":2},"end":{"line":38,"column":null}},"8":{"start":{"line":43,"column":17},"end":{"line":43,"column":null}},"9":{"start":{"line":44,"column":2},"end":{"line":49,"column":null}},"10":{"start":{"line":45,"column":4},"end":{"line":48,"column":null}},"11":{"start":{"line":46,"column":25},"end":{"line":46,"column":null}},"12":{"start":{"line":47,"column":6},"end":{"line":47,"column":null}},"13":{"start":{"line":47,"column":33},"end":{"line":47,"column":null}},"14":{"start":{"line":50,"column":2},"end":{"line":50,"column":null}},"15":{"start":{"line":53,"column":40},"end":{"line":249,"column":null}},"16":{"start":{"line":54,"column":63},"end":{"line":54,"column":null}},"17":{"start":{"line":55,"column":34},"end":{"line":55,"column":null}},"18":{"start":{"line":58,"column":2},"end":{"line":70,"column":null}},"19":{"start":{"line":59,"column":19},"end":{"line":59,"column":null}},"20":{"start":{"line":61,"column":6},"end":{"line":66,"column":null}},"21":{"start":{"line":62,"column":8},"end":{"line":62,"column":null}},"22":{"start":{"line":63,"column":8},"end":{"line":65,"column":null}},"23":{"start":{"line":64,"column":10},"end":{"line":64,"column":null}},"24":{"start":{"line":68,"column":4},"end":{"line":68,"column":null}},"25":{"start":{"line":69,"column":4},"end":{"line":69,"column":null}},"26":{"start":{"line":72,"column":25},"end":{"line":80,"column":null}},"27":{"start":{"line":73,"column":24},"end":{"line":73,"column":null}},"28":{"start":{"line":74,"column":4},"end":{"line":78,"column":null}},"29":{"start":{"line":75,"column":6},"end":{"line":75,"column":null}},"30":{"start":{"line":77,"column":6},"end":{"line":77,"column":null}},"31":{"start":{"line":79,"column":4},"end":{"line":79,"column":null}},"32":{"start":{"line":82,"column":20},"end":{"line":94,"column":null}},"33":{"start":{"line":83,"column":19},"end":{"line":83,"column":null}},"34":{"start":{"line":85,"column":6},"end":{"line":90,"column":null}},"35":{"start":{"line":86,"column":8},"end":{"line":86,"column":null}},"36":{"start":{"line":87,"column":8},"end":{"line":89,"column":null}},"37":{"start":{"line":88,"column":10},"end":{"line":88,"column":null}},"38":{"start":{"line":92,"column":4},"end":{"line":92,"column":null}},"39":{"start":{"line":93,"column":4},"end":{"line":93,"column":null}},"40":{"start":{"line":96,"column":22},"end":{"line":98,"column":null}},"41":{"start":{"line":97,"column":4},"end":{"line":97,"column":null}},"42":{"start":{"line":100,"column":21},"end":{"line":199,"column":null}},"43":{"start":{"line":101,"column":23},"end":{"line":101,"column":null}},"44":{"start":{"line":102,"column":24},"end":{"line":102,"column":null}},"45":{"start":{"line":103,"column":21},"end":{"line":103,"column":null}},"46":{"start":{"line":104,"column":23},"end":{"line":104,"column":null}},"47":{"start":{"line":106,"column":4},"end":{"line":197,"column":null}},"48":{"start":{"line":123,"column":27},"end":{"line":123,"column":null}},"49":{"start":{"line":128,"column":18},"end":{"line":128,"column":null}},"50":{"start":{"line":129,"column":18},"end":{"line":129,"column":null}},"51":{"start":{"line":168,"column":16},"end":{"line":168,"column":null}},"52":{"start":{"line":169,"column":16},"end":{"line":169,"column":null}},"53":{"start":{"line":179,"column":16},"end":{"line":179,"column":null}},"54":{"start":{"line":180,"column":16},"end":{"line":182,"column":null}},"55":{"start":{"line":181,"column":18},"end":{"line":181,"column":null}},"56":{"start":{"line":194,"column":52},"end":{"line":194,"column":80}},"57":{"start":{"line":201,"column":21},"end":{"line":201,"column":null}},"58":{"start":{"line":202,"column":19},"end":{"line":202,"column":null}},"59":{"start":{"line":204,"column":2},"end":{"line":247,"column":null}},"60":{"start":{"line":243,"column":30},"end":{"line":243,"column":46}}},"fnMap":{"0":{"name":"countAllNodes","decl":{"start":{"line":30,"column":9},"end":{"line":30,"column":23}},"loc":{"start":{"line":30,"column":50},"end":{"line":39,"column":null}},"line":30},"1":{"name":"getMaxDepth","decl":{"start":{"line":42,"column":9},"end":{"line":42,"column":21}},"loc":{"start":{"line":42,"column":74},"end":{"line":51,"column":null}},"line":42},"2":{"name":"(anonymous_2)","decl":{"start":{"line":53,"column":40},"end":{"line":53,"column":41}},"loc":{"start":{"line":53,"column":64},"end":{"line":249,"column":null}},"line":53},"3":{"name":"(anonymous_3)","decl":{"start":{"line":58,"column":18},"end":{"line":58,"column":24}},"loc":{"start":{"line":58,"column":24},"end":{"line":70,"column":5}},"line":58},"4":{"name":"collectIds","decl":{"start":{"line":60,"column":13},"end":{"line":60,"column":24}},"loc":{"start":{"line":60,"column":43},"end":{"line":67,"column":null}},"line":60},"5":{"name":"(anonymous_5)","decl":{"start":{"line":72,"column":25},"end":{"line":72,"column":26}},"loc":{"start":{"line":72,"column":45},"end":{"line":80,"column":null}},"line":72},"6":{"name":"(anonymous_6)","decl":{"start":{"line":82,"column":20},"end":{"line":82,"column":26}},"loc":{"start":{"line":82,"column":26},"end":{"line":94,"column":null}},"line":82},"7":{"name":"collectIds","decl":{"start":{"line":84,"column":13},"end":{"line":84,"column":24}},"loc":{"start":{"line":84,"column":43},"end":{"line":91,"column":null}},"line":84},"8":{"name":"(anonymous_8)","decl":{"start":{"line":96,"column":22},"end":{"line":96,"column":28}},"loc":{"start":{"line":96,"column":28},"end":{"line":98,"column":null}},"line":96},"9":{"name":"(anonymous_9)","decl":{"start":{"line":100,"column":21},"end":{"line":100,"column":22}},"loc":{"start":{"line":100,"column":60},"end":{"line":199,"column":null}},"line":100},"10":{"name":"(anonymous_10)","decl":{"start":{"line":123,"column":21},"end":{"line":123,"column":27}},"loc":{"start":{"line":123,"column":27},"end":{"line":123,"column":null}},"line":123},"11":{"name":"(anonymous_11)","decl":{"start":{"line":127,"column":25},"end":{"line":127,"column":26}},"loc":{"start":{"line":127,"column":32},"end":{"line":130,"column":null}},"line":127},"12":{"name":"(anonymous_12)","decl":{"start":{"line":167,"column":23},"end":{"line":167,"column":24}},"loc":{"start":{"line":167,"column":30},"end":{"line":170,"column":null}},"line":167},"13":{"name":"(anonymous_13)","decl":{"start":{"line":178,"column":23},"end":{"line":178,"column":24}},"loc":{"start":{"line":178,"column":30},"end":{"line":183,"column":null}},"line":178},"14":{"name":"(anonymous_14)","decl":{"start":{"line":194,"column":31},"end":{"line":194,"column":32}},"loc":{"start":{"line":194,"column":52},"end":{"line":194,"column":80}},"line":194},"15":{"name":"(anonymous_15)","decl":{"start":{"line":243,"column":22},"end":{"line":243,"column":30}},"loc":{"start":{"line":243,"column":30},"end":{"line":243,"column":46}},"line":243}},"branchMap":{"0":{"loc":{"start":{"line":34,"column":4},"end":{"line":36,"column":null}},"type":"if","locations":[{"start":{"line":34,"column":4},"end":{"line":36,"column":null}},{"start":{},"end":{}}],"line":34},"1":{"loc":{"start":{"line":42,"column":40},"end":{"line":42,"column":74}},"type":"default-arg","locations":[{"start":{"line":42,"column":63},"end":{"line":42,"column":74}}],"line":42},"2":{"loc":{"start":{"line":45,"column":4},"end":{"line":48,"column":null}},"type":"if","locations":[{"start":{"line":45,"column":4},"end":{"line":48,"column":null}},{"start":{},"end":{}}],"line":45},"3":{"loc":{"start":{"line":47,"column":6},"end":{"line":47,"column":null}},"type":"if","locations":[{"start":{"line":47,"column":6},"end":{"line":47,"column":null}},{"start":{},"end":{}}],"line":47},"4":{"loc":{"start":{"line":53,"column":43},"end":{"line":53,"column":58}},"type":"default-arg","locations":[{"start":{"line":53,"column":55},"end":{"line":53,"column":58}}],"line":53},"5":{"loc":{"start":{"line":63,"column":8},"end":{"line":65,"column":null}},"type":"if","locations":[{"start":{"line":63,"column":8},"end":{"line":65,"column":null}},{"start":{},"end":{}}],"line":63},"6":{"loc":{"start":{"line":74,"column":4},"end":{"line":78,"column":null}},"type":"if","locations":[{"start":{"line":74,"column":4},"end":{"line":78,"column":null}},{"start":{"line":76,"column":11},"end":{"line":78,"column":null}}],"line":74},"7":{"loc":{"start":{"line":87,"column":8},"end":{"line":89,"column":null}},"type":"if","locations":[{"start":{"line":87,"column":8},"end":{"line":89,"column":null}},{"start":{},"end":{}}],"line":87},"8":{"loc":{"start":{"line":100,"column":38},"end":{"line":100,"column":60}},"type":"default-arg","locations":[{"start":{"line":100,"column":54},"end":{"line":100,"column":60}}],"line":100},"9":{"loc":{"start":{"line":110,"column":11},"end":{"line":114,"column":null}},"type":"binary-expr","locations":[{"start":{"line":110,"column":11},"end":{"line":110,"column":null}},{"start":{"line":111,"column":12},"end":{"line":114,"column":null}}],"line":110},"10":{"loc":{"start":{"line":118,"column":14},"end":{"line":120,"column":null}},"type":"cond-expr","locations":[{"start":{"line":119,"column":18},"end":{"line":119,"column":null}},{"start":{"line":120,"column":18},"end":{"line":120,"column":null}}],"line":118},"11":{"loc":{"start":{"line":125,"column":13},"end":{"line":141,"column":null}},"type":"cond-expr","locations":[{"start":{"line":126,"column":14},"end":{"line":139,"column":null}},{"start":{"line":141,"column":14},"end":{"line":141,"column":null}}],"line":125},"12":{"loc":{"start":{"line":132,"column":28},"end":{"line":132,"column":null}},"type":"cond-expr","locations":[{"start":{"line":132,"column":41},"end":{"line":132,"column":53}},{"start":{"line":132,"column":53},"end":{"line":132,"column":null}}],"line":132},"13":{"loc":{"start":{"line":134,"column":17},"end":{"line":137,"column":null}},"type":"cond-expr","locations":[{"start":{"line":135,"column":18},"end":{"line":135,"column":null}},{"start":{"line":137,"column":18},"end":{"line":137,"column":null}}],"line":134},"14":{"loc":{"start":{"line":150,"column":15},"end":{"line":150,"column":null}},"type":"binary-expr","locations":[{"start":{"line":150,"column":15},"end":{"line":150,"column":31}},{"start":{"line":150,"column":31},"end":{"line":150,"column":null}}],"line":150},"15":{"loc":{"start":{"line":154,"column":13},"end":{"line":155,"column":null}},"type":"binary-expr","locations":[{"start":{"line":154,"column":13},"end":{"line":154,"column":null}},{"start":{"line":155,"column":14},"end":{"line":155,"column":null}}],"line":154},"16":{"loc":{"start":{"line":157,"column":13},"end":{"line":158,"column":null}},"type":"binary-expr","locations":[{"start":{"line":157,"column":13},"end":{"line":157,"column":null}},{"start":{"line":158,"column":14},"end":{"line":158,"column":null}}],"line":157},"17":{"loc":{"start":{"line":160,"column":13},"end":{"line":163,"column":null}},"type":"binary-expr","locations":[{"start":{"line":160,"column":13},"end":{"line":160,"column":null}},{"start":{"line":161,"column":14},"end":{"line":163,"column":null}}],"line":160},"18":{"loc":{"start":{"line":180,"column":16},"end":{"line":182,"column":null}},"type":"if","locations":[{"start":{"line":180,"column":16},"end":{"line":182,"column":null}},{"start":{},"end":{}}],"line":180},"19":{"loc":{"start":{"line":192,"column":9},"end":{"line":195,"column":null}},"type":"binary-expr","locations":[{"start":{"line":192,"column":9},"end":{"line":192,"column":24}},{"start":{"line":192,"column":24},"end":{"line":192,"column":null}},{"start":{"line":193,"column":10},"end":{"line":195,"column":null}}],"line":192},"20":{"loc":{"start":{"line":237,"column":9},"end":{"line":244,"column":null}},"type":"cond-expr","locations":[{"start":{"line":238,"column":10},"end":{"line":240,"column":null}},{"start":{"line":242,"column":10},"end":{"line":244,"column":null}}],"line":237}},"s":{"0":2,"1":2,"2":631,"3":631,"4":1059,"5":1059,"6":493,"7":631,"8":629,"9":629,"10":1059,"11":493,"12":493,"13":363,"14":629,"15":2,"16":137,"17":137,"18":137,"19":71,"20":274,"21":436,"22":436,"23":203,"24":71,"25":71,"26":137,"27":3,"28":3,"29":2,"30":1,"31":3,"32":137,"33":1,"34":3,"35":4,"36":4,"37":2,"38":1,"39":1,"40":137,"41":2,"42":137,"43":658,"44":658,"45":658,"46":658,"47":658,"48":1,"49":3,"50":3,"51":1,"52":1,"53":2,"54":2,"55":1,"56":553,"57":137,"58":137,"59":137,"60":105},"f":{"0":631,"1":629,"2":137,"3":71,"4":274,"5":3,"6":1,"7":3,"8":2,"9":658,"10":1,"11":3,"12":1,"13":2,"14":553,"15":105},"b":{"0":[493,566],"1":[629],"2":[493,566],"3":[363,130],"4":[137],"5":[203,233],"6":[2,1],"7":[2,2],"8":[658],"9":[658,553],"10":[105,553],"11":[325,333],"12":[284,41],"13":[284,41],"14":[658,0],"15":[658,67],"16":[658,534],"17":[658,325],"18":[1,1],"19":[658,325,284],"20":[31,105]},"meta":{"lastBranch":21,"lastFunction":16,"lastStatement":61,"seen":{"s:11:20:18:Infinity":0,"s:20:22:27:Infinity":1,"f:30:9:30:23":0,"s:31:14:31:Infinity":2,"s:32:2:37:Infinity":3,"s:33:4:33:Infinity":4,"b:34:4:36:Infinity:undefined:undefined:undefined:undefined":0,"s:34:4:36:Infinity":5,"s:35:6:35:Infinity":6,"s:38:2:38:Infinity":7,"f:42:9:42:21":1,"b:42:63:42:74":1,"s:43:17:43:Infinity":8,"s:44:2:49:Infinity":9,"b:45:4:48:Infinity:undefined:undefined:undefined:undefined":2,"s:45:4:48:Infinity":10,"s:46:25:46:Infinity":11,"b:47:6:47:Infinity:undefined:undefined:undefined:undefined":3,"s:47:6:47:Infinity":12,"s:47:33:47:Infinity":13,"s:50:2:50:Infinity":14,"s:53:40:249:Infinity":15,"f:53:40:53:41":2,"b:53:55:53:58":4,"s:54:63:54:Infinity":16,"s:55:34:55:Infinity":17,"s:58:2:70:Infinity":18,"f:58:18:58:24":3,"s:59:19:59:Infinity":19,"f:60:13:60:24":4,"s:61:6:66:Infinity":20,"s:62:8:62:Infinity":21,"b:63:8:65:Infinity:undefined:undefined:undefined:undefined":5,"s:63:8:65:Infinity":22,"s:64:10:64:Infinity":23,"s:68:4:68:Infinity":24,"s:69:4:69:Infinity":25,"s:72:25:80:Infinity":26,"f:72:25:72:26":5,"s:73:24:73:Infinity":27,"b:74:4:78:Infinity:76:11:78:Infinity":6,"s:74:4:78:Infinity":28,"s:75:6:75:Infinity":29,"s:77:6:77:Infinity":30,"s:79:4:79:Infinity":31,"s:82:20:94:Infinity":32,"f:82:20:82:26":6,"s:83:19:83:Infinity":33,"f:84:13:84:24":7,"s:85:6:90:Infinity":34,"s:86:8:86:Infinity":35,"b:87:8:89:Infinity:undefined:undefined:undefined:undefined":7,"s:87:8:89:Infinity":36,"s:88:10:88:Infinity":37,"s:92:4:92:Infinity":38,"s:93:4:93:Infinity":39,"s:96:22:98:Infinity":40,"f:96:22:96:28":8,"s:97:4:97:Infinity":41,"s:100:21:199:Infinity":42,"f:100:21:100:22":9,"b:100:54:100:60":8,"s:101:23:101:Infinity":43,"s:102:24:102:Infinity":44,"s:103:21:103:Infinity":45,"s:104:23:104:Infinity":46,"s:106:4:197:Infinity":47,"b:110:11:110:Infinity:111:12:114:Infinity":9,"b:119:18:119:Infinity:120:18:120:Infinity":10,"f:123:21:123:27":10,"s:123:27:123:Infinity":48,"b:126:14:139:Infinity:141:14:141:Infinity":11,"f:127:25:127:26":11,"s:128:18:128:Infinity":49,"s:129:18:129:Infinity":50,"b:132:41:132:53:132:53:132:Infinity":12,"b:135:18:135:Infinity:137:18:137:Infinity":13,"b:150:15:150:31:150:31:150:Infinity":14,"b:154:13:154:Infinity:155:14:155:Infinity":15,"b:157:13:157:Infinity:158:14:158:Infinity":16,"b:160:13:160:Infinity:161:14:163:Infinity":17,"f:167:23:167:24":12,"s:168:16:168:Infinity":51,"s:169:16:169:Infinity":52,"f:178:23:178:24":13,"s:179:16:179:Infinity":53,"b:180:16:182:Infinity:undefined:undefined:undefined:undefined":18,"s:180:16:182:Infinity":54,"s:181:18:181:Infinity":55,"b:192:9:192:24:192:24:192:Infinity:193:10:195:Infinity":19,"f:194:31:194:32":14,"s:194:52:194:80":56,"s:201:21:201:Infinity":57,"s:202:19:202:Infinity":58,"s:204:2:247:Infinity":59,"b:238:10:240:Infinity:242:10:244:Infinity":20,"f:243:22:243:30":15,"s:243:30:243:46":60}}}
}
